{"numTotalTestSuites":207,"numPassedTestSuites":162,"numFailedTestSuites":45,"numPendingTestSuites":0,"numTotalTests":619,"numPassedTests":560,"numFailedTests":52,"numPendingTests":7,"numTodoTests":0,"snapshot":{"added":0,"failure":false,"filesAdded":0,"filesRemoved":0,"filesRemovedList":[],"filesUnmatched":0,"filesUpdated":0,"matched":0,"total":0,"unchecked":0,"uncheckedKeysByFile":[],"unmatched":0,"updated":0,"didUpdate":false},"startTime":1753640154485,"success":false,"testResults":[{"assertionResults":[{"ancestorTitles":["ExportButton"],"fullName":"ExportButton renders export button","status":"passed","title":"renders export button","duration":42.416707999997016,"failureMessages":[],"meta":{}},{"ancestorTitles":["ExportButton"],"fullName":"ExportButton shows format options on click","status":"passed","title":"shows format options on click","duration":9.828416999996989,"failureMessages":[],"meta":{}},{"ancestorTitles":["ExportButton"],"fullName":"ExportButton closes dropdown when clicking outside","status":"passed","title":"closes dropdown when clicking outside","duration":10.4908329999962,"failureMessages":[],"meta":{}}],"startTime":1753640200728,"endTime":1753640200790.4907,"status":"passed","message":"","name":"/Users/gonzalo/workspace/taskmaster-ui/packages/frontend/src/components/Export/ExportButton.test.tsx"},{"assertionResults":[{"ancestorTitles":["ExportProgress"],"fullName":"ExportProgress shows processing state initially","status":"passed","title":"shows processing state initially","duration":24.541666000004625,"failureMessages":[],"meta":{}},{"ancestorTitles":["ExportProgress"],"fullName":"ExportProgress shows completed state with download button","status":"passed","title":"shows completed state with download button","duration":7.6674999999959255,"failureMessages":[],"meta":{}},{"ancestorTitles":["ExportProgress"],"fullName":"ExportProgress shows failed state with error message","status":"passed","title":"shows failed state with error message","duration":5.3712500000037835,"failureMessages":[],"meta":{}},{"ancestorTitles":["ExportProgress"],"fullName":"ExportProgress polls for progress updates","status":"passed","title":"polls for progress updates","duration":4006.601999999999,"failureMessages":[],"meta":{}},{"ancestorTitles":["ExportProgress"],"fullName":"ExportProgress allows closing the progress tracker","status":"passed","title":"allows closing the progress tracker","duration":31.777125000000524,"failureMessages":[],"meta":{}}],"startTime":1753640187595,"endTime":1753640191671.777,"status":"passed","message":"","name":"/Users/gonzalo/workspace/taskmaster-ui/packages/frontend/src/components/Export/ExportProgress.test.tsx"},{"assertionResults":[{"ancestorTitles":["useAuth","Initial State"],"fullName":"useAuth Initial State starts with authenticated state (mock implementation)","status":"passed","title":"starts with authenticated state (mock implementation)","duration":7.487374999996973,"failureMessages":[],"meta":{}},{"ancestorTitles":["useAuth","Initial State"],"fullName":"useAuth Initial State returns user data","status":"passed","title":"returns user data","duration":0.9990839999954915,"failureMessages":[],"meta":{}},{"ancestorTitles":["useAuth","Login"],"fullName":"useAuth Login handles login process","status":"passed","title":"handles login process","duration":1006.6118750000023,"failureMessages":[],"meta":{}},{"ancestorTitles":["useAuth","Login"],"fullName":"useAuth Login shows loading state during login","status":"passed","title":"shows loading state during login","duration":1004.2959580000024,"failureMessages":[],"meta":{}},{"ancestorTitles":["useAuth","Logout"],"fullName":"useAuth Logout clears user data on logout","status":"passed","title":"clears user data on logout","duration":3.1690419999940787,"failureMessages":[],"meta":{}},{"ancestorTitles":["useAuth","Register"],"fullName":"useAuth Register handles registration process","status":"passed","title":"handles registration process","duration":1005.4004579999964,"failureMessages":[],"meta":{}}],"startTime":1753640187827,"endTime":1753640190855.4004,"status":"passed","message":"","name":"/Users/gonzalo/workspace/taskmaster-ui/packages/frontend/src/hooks/__tests__/useAuth.test.tsx"},{"assertionResults":[{"ancestorTitles":["useDebounce"],"fullName":"useDebounce returns initial value immediately","status":"passed","title":"returns initial value immediately","duration":8.362042000000656,"failureMessages":[],"meta":{}},{"ancestorTitles":["useDebounce"],"fullName":"useDebounce debounces value changes","status":"passed","title":"debounces value changes","duration":1.7102500000037253,"failureMessages":[],"meta":{}},{"ancestorTitles":["useDebounce"],"fullName":"useDebounce cancels previous timeout on rapid changes","status":"passed","title":"cancels previous timeout on rapid changes","duration":1.360791999999492,"failureMessages":[],"meta":{}},{"ancestorTitles":["useDebounce"],"fullName":"useDebounce handles different delay values","status":"passed","title":"handles different delay values","duration":1.0465410000033444,"failureMessages":[],"meta":{}},{"ancestorTitles":["useDebounce"],"fullName":"useDebounce updates immediately when delay is 0","status":"passed","title":"updates immediately when delay is 0","duration":1.0310410000020056,"failureMessages":[],"meta":{}},{"ancestorTitles":["useDebounce"],"fullName":"useDebounce handles null and undefined values","status":"passed","title":"handles null and undefined values","duration":0.9680840000000899,"failureMessages":[],"meta":{}},{"ancestorTitles":["useDebounce"],"fullName":"useDebounce cleans up timeout on unmount","status":"passed","title":"cleans up timeout on unmount","duration":0.9269580000036513,"failureMessages":[],"meta":{}},{"ancestorTitles":["useDebounce"],"fullName":"useDebounce handles complex objects","status":"passed","title":"handles complex objects","duration":0.9277500000025611,"failureMessages":[],"meta":{}},{"ancestorTitles":["useDebounce"],"fullName":"useDebounce handles arrays","status":"passed","title":"handles arrays","duration":0.6877499999973224,"failureMessages":[],"meta":{}},{"ancestorTitles":["useDebounce"],"fullName":"useDebounce preserves reference equality for unchanged values","status":"passed","title":"preserves reference equality for unchanged values","duration":0.6642500000016298,"failureMessages":[],"meta":{}}],"startTime":1753640201902,"endTime":1753640201919.6877,"status":"passed","message":"","name":"/Users/gonzalo/workspace/taskmaster-ui/packages/frontend/src/hooks/__tests__/useDebounce.test.tsx"},{"assertionResults":[{"ancestorTitles":["useKeyboardShortcuts","Basic Shortcuts"],"fullName":"useKeyboardShortcuts Basic Shortcuts registers and triggers simple shortcuts","status":"passed","title":"registers and triggers simple shortcuts","duration":13.454125000000204,"failureMessages":[],"meta":{}},{"ancestorTitles":["useKeyboardShortcuts","Basic Shortcuts"],"fullName":"useKeyboardShortcuts Basic Shortcuts handles multiple shortcuts","status":"passed","title":"handles multiple shortcuts","duration":12.762208999996801,"failureMessages":[],"meta":{}},{"ancestorTitles":["useKeyboardShortcuts","Basic Shortcuts"],"fullName":"useKeyboardShortcuts Basic Shortcuts ignores unregistered keys","status":"passed","title":"ignores unregistered keys","duration":18.503625000001193,"failureMessages":[],"meta":{}},{"ancestorTitles":["useKeyboardShortcuts","Modifier Keys"],"fullName":"useKeyboardShortcuts Modifier Keys handles Ctrl/Cmd key combinations","status":"failed","title":"handles Ctrl/Cmd key combinations","duration":16.06683300000077,"failureMessages":["AssertionError: expected \"spy\" to be called 2 times, but got 1 times\n    at /Users/gonzalo/workspace/taskmaster-ui/packages/frontend/src/hooks/__tests__/useKeyboardShortcuts.test.tsx:121:24\n    at file:///Users/gonzalo/workspace/taskmaster-ui/node_modules/.pnpm/@vitest+runner@3.2.4/node_modules/@vitest/runner/dist/chunk-hooks.js:752:20"],"meta":{}},{"ancestorTitles":["useKeyboardShortcuts","Modifier Keys"],"fullName":"useKeyboardShortcuts Modifier Keys handles Alt key combinations","status":"passed","title":"handles Alt key combinations","duration":7.429791000002297,"failureMessages":[],"meta":{}},{"ancestorTitles":["useKeyboardShortcuts","Modifier Keys"],"fullName":"useKeyboardShortcuts Modifier Keys handles Shift key combinations","status":"passed","title":"handles Shift key combinations","duration":7.284458000001905,"failureMessages":[],"meta":{}},{"ancestorTitles":["useKeyboardShortcuts","Modifier Keys"],"fullName":"useKeyboardShortcuts Modifier Keys handles multiple modifier keys","status":"passed","title":"handles multiple modifier keys","duration":9.438374999997905,"failureMessages":[],"meta":{}},{"ancestorTitles":["useKeyboardShortcuts","Modifier Keys"],"fullName":"useKeyboardShortcuts Modifier Keys distinguishes between similar shortcuts","status":"failed","title":"distinguishes between similar shortcuts","duration":11.150666999998066,"failureMessages":["AssertionError: expected \"spy\" to be called 1 times, but got 0 times\n    at /Users/gonzalo/workspace/taskmaster-ui/packages/frontend/src/hooks/__tests__/useKeyboardShortcuts.test.tsx:202:21\n    at file:///Users/gonzalo/workspace/taskmaster-ui/node_modules/.pnpm/@vitest+runner@3.2.4/node_modules/@vitest/runner/dist/chunk-hooks.js:752:20"],"meta":{}},{"ancestorTitles":["useKeyboardShortcuts","Context Awareness"],"fullName":"useKeyboardShortcuts Context Awareness prevents shortcuts when typing in inputs","status":"passed","title":"prevents shortcuts when typing in inputs","duration":7.472208999999566,"failureMessages":[],"meta":{}},{"ancestorTitles":["useKeyboardShortcuts","Context Awareness"],"fullName":"useKeyboardShortcuts Context Awareness prevents shortcuts when typing in textareas","status":"passed","title":"prevents shortcuts when typing in textareas","duration":4.400291000001744,"failureMessages":[],"meta":{}},{"ancestorTitles":["useKeyboardShortcuts","Context Awareness"],"fullName":"useKeyboardShortcuts Context Awareness allows shortcuts with modifiers in inputs","status":"passed","title":"allows shortcuts with modifiers in inputs","duration":7.074458999999479,"failureMessages":[],"meta":{}},{"ancestorTitles":["useKeyboardShortcuts","Context Awareness"],"fullName":"useKeyboardShortcuts Context Awareness prevents shortcuts in contenteditable elements","status":"failed","title":"prevents shortcuts in contenteditable elements","duration":5.746041000002151,"failureMessages":["AssertionError: expected \"spy\" to not be called at all, but actually been called 1 times\u001b[90m\n\nReceived: \n\n\u001b[1m  1st spy call:\n\n\u001b[22m    Array []\n\u001b[39m\u001b[90m\n\nNumber of calls: \u001b[1m1\u001b[22m\n\u001b[39m\n    at Proxy.<anonymous> (file:///Users/gonzalo/workspace/taskmaster-ui/node_modules/.pnpm/@vitest+expect@3.2.4/node_modules/@vitest/expect/dist/index.js:1335:10)\n    at Proxy.<anonymous> (file:///Users/gonzalo/workspace/taskmaster-ui/node_modules/.pnpm/@vitest+expect@3.2.4/node_modules/@vitest/expect/dist/index.js:1029:14)\n    at Proxy.methodWrapper (file:///Users/gonzalo/workspace/taskmaster-ui/node_modules/.pnpm/chai@5.2.1/node_modules/chai/chai.js:1706:25)\n    at /Users/gonzalo/workspace/taskmaster-ui/packages/frontend/src/hooks/__tests__/useKeyboardShortcuts.test.tsx:297:28\n    at file:///Users/gonzalo/workspace/taskmaster-ui/node_modules/.pnpm/@vitest+runner@3.2.4/node_modules/@vitest/runner/dist/chunk-hooks.js:752:20"],"meta":{}},{"ancestorTitles":["useKeyboardShortcuts","Event Handling"],"fullName":"useKeyboardShortcuts Event Handling prevents default when specified","status":"passed","title":"prevents default when specified","duration":6.6909579999992275,"failureMessages":[],"meta":{}},{"ancestorTitles":["useKeyboardShortcuts","Event Handling"],"fullName":"useKeyboardShortcuts Event Handling does not prevent default when set to false","status":"passed","title":"does not prevent default when set to false","duration":6.611333999997441,"failureMessages":[],"meta":{}},{"ancestorTitles":["useKeyboardShortcuts","Hook Lifecycle"],"fullName":"useKeyboardShortcuts Hook Lifecycle updates shortcuts when they change","status":"passed","title":"updates shortcuts when they change","duration":10.707249999999476,"failureMessages":[],"meta":{}},{"ancestorTitles":["useKeyboardShortcuts","Hook Lifecycle"],"fullName":"useKeyboardShortcuts Hook Lifecycle cleans up event listeners on unmount","status":"passed","title":"cleans up event listeners on unmount","duration":1.5196670000004815,"failureMessages":[],"meta":{}},{"ancestorTitles":["useKeyboardShortcuts","Special Keys"],"fullName":"useKeyboardShortcuts Special Keys handles arrow keys","status":"passed","title":"handles arrow keys","duration":15.32537500000035,"failureMessages":[],"meta":{}},{"ancestorTitles":["useKeyboardShortcuts","Special Keys"],"fullName":"useKeyboardShortcuts Special Keys handles function keys","status":"passed","title":"handles function keys","duration":4.315082999997685,"failureMessages":[],"meta":{}},{"ancestorTitles":["useKeyboardShortcuts","Special Keys"],"fullName":"useKeyboardShortcuts Special Keys handles page navigation keys","status":"passed","title":"handles page navigation keys","duration":15.367416000000958,"failureMessages":[],"meta":{}},{"ancestorTitles":["useKeyboardShortcuts","Edge Cases"],"fullName":"useKeyboardShortcuts Edge Cases handles empty shortcuts array","status":"passed","title":"handles empty shortcuts array","duration":14.086208000000624,"failureMessages":[],"meta":{}},{"ancestorTitles":["useKeyboardShortcuts","Edge Cases"],"fullName":"useKeyboardShortcuts Edge Cases handles duplicate shortcuts","status":"passed","title":"handles duplicate shortcuts","duration":6.915084000000206,"failureMessages":[],"meta":{}},{"ancestorTitles":["useKeyboardShortcuts","Edge Cases"],"fullName":"useKeyboardShortcuts Edge Cases handles rapid key presses","status":"passed","title":"handles rapid key presses","duration":9.681666000000405,"failureMessages":[],"meta":{}},{"ancestorTitles":["useKeyboardShortcuts","Edge Cases"],"fullName":"useKeyboardShortcuts Edge Cases handles shortcuts during animation frames","status":"failed","title":"handles shortcuts during animation frames","duration":21.22004200000083,"failureMessages":["AssertionError: expected \"spy\" to be called at least once\n    at Proxy.<anonymous> (file:///Users/gonzalo/workspace/taskmaster-ui/node_modules/.pnpm/@vitest+expect@3.2.4/node_modules/@vitest/expect/dist/index.js:1335:10)\n    at Proxy.<anonymous> (file:///Users/gonzalo/workspace/taskmaster-ui/node_modules/.pnpm/@vitest+expect@3.2.4/node_modules/@vitest/expect/dist/index.js:1029:14)\n    at Proxy.methodWrapper (file:///Users/gonzalo/workspace/taskmaster-ui/node_modules/.pnpm/chai@5.2.1/node_modules/chai/chai.js:1706:25)\n    at /Users/gonzalo/workspace/taskmaster-ui/packages/frontend/src/hooks/__tests__/useKeyboardShortcuts.test.tsx:603:24\n    at runNextTicks (node:internal/process/task_queues:65:5)\n    at processTimers (node:internal/timers:540:9)\n    at file:///Users/gonzalo/workspace/taskmaster-ui/node_modules/.pnpm/@vitest+runner@3.2.4/node_modules/@vitest/runner/dist/chunk-hooks.js:752:20"],"meta":{}}],"startTime":1753640183223,"endTime":1753640183457.22,"status":"failed","message":"","name":"/Users/gonzalo/workspace/taskmaster-ui/packages/frontend/src/hooks/__tests__/useKeyboardShortcuts.test.tsx"},{"assertionResults":[{"ancestorTitles":["useOptimisticTaskCreation","Optimistic Updates"],"fullName":"useOptimisticTaskCreation Optimistic Updates should create task with temporary negative ID","status":"passed","title":"should create task with temporary negative ID","duration":8.796417000005022,"failureMessages":[],"meta":{}},{"ancestorTitles":["useOptimisticTaskCreation","Optimistic Updates"],"fullName":"useOptimisticTaskCreation Optimistic Updates should replace temporary task with server response","status":"passed","title":"should replace temporary task with server response","duration":3.100124999997206,"failureMessages":[],"meta":{}},{"ancestorTitles":["useOptimisticTaskCreation","Optimistic Updates"],"fullName":"useOptimisticTaskCreation Optimistic Updates should remove optimistic task on error","status":"passed","title":"should remove optimistic task on error","duration":1.8629999999975553,"failureMessages":[],"meta":{}},{"ancestorTitles":["useOptimisticTaskCreation","Optimistic Updates"],"fullName":"useOptimisticTaskCreation Optimistic Updates should handle null board data","status":"passed","title":"should handle null board data","duration":1.1970409999994445,"failureMessages":[],"meta":{}},{"ancestorTitles":["useOptimisticTaskCreation","Non-Optimistic Mode"],"fullName":"useOptimisticTaskCreation Non-Optimistic Mode should not update board when optimistic updates disabled","status":"passed","title":"should not update board when optimistic updates disabled","duration":0.9379589999953168,"failureMessages":[],"meta":{}},{"ancestorTitles":["useOptimisticTaskCreation","Error Handling"],"fullName":"useOptimisticTaskCreation Error Handling should set and clear error state","status":"passed","title":"should set and clear error state","duration":0.821791000002122,"failureMessages":[],"meta":{}},{"ancestorTitles":["useOptimisticTaskCreation","Error Handling"],"fullName":"useOptimisticTaskCreation Error Handling should handle API error objects","status":"passed","title":"should handle API error objects","duration":0.605875000001106,"failureMessages":[],"meta":{}},{"ancestorTitles":["useOptimisticTaskCreation","Loading State"],"fullName":"useOptimisticTaskCreation Loading State should manage loading state correctly","status":"passed","title":"should manage loading state correctly","duration":102.34058299999742,"failureMessages":[],"meta":{}},{"ancestorTitles":["useOptimisticTaskCreation","Task Placement"],"fullName":"useOptimisticTaskCreation Task Placement should place task in correct column based on status","status":"passed","title":"should place task in correct column based on status","duration":0.8667500000010477,"failureMessages":[],"meta":{}},{"ancestorTitles":["useOptimisticTaskCreation","Callbacks"],"fullName":"useOptimisticTaskCreation Callbacks should call onCreateSuccess with created task","status":"passed","title":"should call onCreateSuccess with created task","duration":0.9480000000039581,"failureMessages":[],"meta":{}},{"ancestorTitles":["useOptimisticTaskCreation","Callbacks"],"fullName":"useOptimisticTaskCreation Callbacks should call onCreateError with error message","status":"passed","title":"should call onCreateError with error message","duration":0.5667919999978039,"failureMessages":[],"meta":{}}],"startTime":1753640198326,"endTime":1753640198448.567,"status":"passed","message":"","name":"/Users/gonzalo/workspace/taskmaster-ui/packages/frontend/src/hooks/__tests__/useOptimisticTaskCreation.test.ts"},{"assertionResults":[{"ancestorTitles":["useRealtimeTaskData"],"fullName":"useRealtimeTaskData initializes with loading state","status":"passed","title":"initializes with loading state","duration":8.099874999999884,"failureMessages":[],"meta":{}},{"ancestorTitles":["useRealtimeTaskData"],"fullName":"useRealtimeTaskData establishes socket connection on mount","status":"passed","title":"establishes socket connection on mount","duration":3.0552089999982854,"failureMessages":[],"meta":{}},{"ancestorTitles":["useRealtimeTaskData"],"fullName":"useRealtimeTaskData updates connection status on connect/disconnect","status":"passed","title":"updates connection status on connect/disconnect","duration":1.5371669999949518,"failureMessages":[],"meta":{}},{"ancestorTitles":["useRealtimeTaskData"],"fullName":"useRealtimeTaskData handles task creation events","status":"passed","title":"handles task creation events","duration":2.6966250000041327,"failureMessages":[],"meta":{}},{"ancestorTitles":["useRealtimeTaskData"],"fullName":"useRealtimeTaskData handles task update events","status":"passed","title":"handles task update events","duration":1.9964580000014394,"failureMessages":[],"meta":{}},{"ancestorTitles":["useRealtimeTaskData"],"fullName":"useRealtimeTaskData handles task deletion events","status":"passed","title":"handles task deletion events","duration":1.0577499999999418,"failureMessages":[],"meta":{}},{"ancestorTitles":["useRealtimeTaskData"],"fullName":"useRealtimeTaskData emits events when updating tasks","status":"passed","title":"emits events when updating tasks","duration":0.9648329999981797,"failureMessages":[],"meta":{}},{"ancestorTitles":["useRealtimeTaskData"],"fullName":"useRealtimeTaskData emits events when creating tasks","status":"passed","title":"emits events when creating tasks","duration":0.9593329999988782,"failureMessages":[],"meta":{}},{"ancestorTitles":["useRealtimeTaskData"],"fullName":"useRealtimeTaskData emits events when deleting tasks","status":"passed","title":"emits events when deleting tasks","duration":0.9360000000015134,"failureMessages":[],"meta":{}},{"ancestorTitles":["useRealtimeTaskData"],"fullName":"useRealtimeTaskData cleans up socket listeners on unmount","status":"passed","title":"cleans up socket listeners on unmount","duration":0.8086249999978463,"failureMessages":[],"meta":{}},{"ancestorTitles":["useRealtimeTaskData"],"fullName":"useRealtimeTaskData handles connection errors gracefully","status":"passed","title":"handles connection errors gracefully","duration":52.74345899999753,"failureMessages":[],"meta":{}}],"startTime":1753640199939,"endTime":1753640200014.7434,"status":"passed","message":"","name":"/Users/gonzalo/workspace/taskmaster-ui/packages/frontend/src/hooks/__tests__/useRealtimeTaskData.test.tsx"},{"assertionResults":[{"ancestorTitles":["useWebSocket","Connection Management"],"fullName":"useWebSocket Connection Management returns initial disconnected state","status":"passed","title":"returns initial disconnected state","duration":7.801041999999143,"failureMessages":[],"meta":{}},{"ancestorTitles":["useWebSocket","Connection Management"],"fullName":"useWebSocket Connection Management connects when autoConnect is true","status":"passed","title":"connects when autoConnect is true","duration":3.723167000003741,"failureMessages":[],"meta":{}},{"ancestorTitles":["useWebSocket","Connection Management"],"fullName":"useWebSocket Connection Management does not connect when autoConnect is false","status":"passed","title":"does not connect when autoConnect is false","duration":1.3635840000060853,"failureMessages":[],"meta":{}},{"ancestorTitles":["useWebSocket","Connection Management"],"fullName":"useWebSocket Connection Management handles connection when already connected","status":"passed","title":"handles connection when already connected","duration":1.4590839999946184,"failureMessages":[],"meta":{}},{"ancestorTitles":["useWebSocket","State Management"],"fullName":"useWebSocket State Management subscribes to state changes","status":"passed","title":"subscribes to state changes","duration":1.8706250000032014,"failureMessages":[],"meta":{}},{"ancestorTitles":["useWebSocket","State Management"],"fullName":"useWebSocket State Management updates connected users on connection established","status":"passed","title":"updates connected users on connection established","duration":1.1099580000009155,"failureMessages":[],"meta":{}},{"ancestorTitles":["useWebSocket","State Management"],"fullName":"useWebSocket State Management updates connected users when user joins or leaves","status":"passed","title":"updates connected users when user joins or leaves","duration":0.7454579999975977,"failureMessages":[],"meta":{}},{"ancestorTitles":["useWebSocket","State Management"],"fullName":"useWebSocket State Management handles errors","status":"passed","title":"handles errors","duration":0.6781249999985448,"failureMessages":[],"meta":{}},{"ancestorTitles":["useWebSocket","Message Handling"],"fullName":"useWebSocket Message Handling sends messages using webSocketService","status":"passed","title":"sends messages using webSocketService","duration":0.7809999999954016,"failureMessages":[],"meta":{}},{"ancestorTitles":["useWebSocket","Message Handling"],"fullName":"useWebSocket Message Handling handles send errors","status":"passed","title":"handles send errors","duration":0.6885420000035083,"failureMessages":[],"meta":{}},{"ancestorTitles":["useWebSocket","Message Handling"],"fullName":"useWebSocket Message Handling clears error on successful send","status":"passed","title":"clears error on successful send","duration":0.6392499999928987,"failureMessages":[],"meta":{}},{"ancestorTitles":["useWebSocket","Subscription Management"],"fullName":"useWebSocket Subscription Management subscribes to events","status":"passed","title":"subscribes to events","duration":0.5292919999992591,"failureMessages":[],"meta":{}},{"ancestorTitles":["useWebSocket","Subscription Management"],"fullName":"useWebSocket Subscription Management cleans up subscriptions on unmount","status":"passed","title":"cleans up subscriptions on unmount","duration":0.5166249999965657,"failureMessages":[],"meta":{}},{"ancestorTitles":["useWebSocket","Reconnection"],"fullName":"useWebSocket Reconnection reconnects with config url","status":"passed","title":"reconnects with config url","duration":0.7727500000037253,"failureMessages":[],"meta":{}},{"ancestorTitles":["useWebSocket","Reconnection"],"fullName":"useWebSocket Reconnection handles reconnect errors","status":"passed","title":"handles reconnect errors","duration":1.843124999999418,"failureMessages":[],"meta":{}},{"ancestorTitles":["useWebSocket","Reconnection"],"fullName":"useWebSocket Reconnection does not reconnect without url","status":"passed","title":"does not reconnect without url","duration":0.4126670000041486,"failureMessages":[],"meta":{}}],"startTime":1753640201474,"endTime":1753640201498.843,"status":"passed","message":"","name":"/Users/gonzalo/workspace/taskmaster-ui/packages/frontend/src/hooks/__tests__/useWebSocket.test.tsx"},{"assertionResults":[{"ancestorTitles":["Comprehensive Accessibility Audit"],"fullName":"Comprehensive Accessibility Audit should audit Login page","status":"passed","title":"should audit Login page","duration":88.39250000000175,"failureMessages":[],"meta":{}},{"ancestorTitles":["Comprehensive Accessibility Audit"],"fullName":"Comprehensive Accessibility Audit should audit Dashboard page","status":"passed","title":"should audit Dashboard page","duration":46.53187500000058,"failureMessages":[],"meta":{}},{"ancestorTitles":["Comprehensive Accessibility Audit"],"fullName":"Comprehensive Accessibility Audit should audit TaskBoard page","status":"passed","title":"should audit TaskBoard page","duration":111.26512500000172,"failureMessages":[],"meta":{}},{"ancestorTitles":["Comprehensive Accessibility Audit"],"fullName":"Comprehensive Accessibility Audit should audit Repositories page","status":"failed","title":"should audit Repositories page","duration":11.516082999998616,"failureMessages":["Error: useRepository must be used within a RepositoryProvider\n    at useRepository (/Users/gonzalo/workspace/taskmaster-ui/packages/frontend/src/contexts/RepositoryContext.tsx:218:11)\n    at useRepositoryOperations (/Users/gonzalo/workspace/taskmaster-ui/packages/frontend/src/hooks/useRepositoryOperations.ts:43:7)\n    at Repositories (/Users/gonzalo/workspace/taskmaster-ui/packages/frontend/src/pages/Repositories.tsx:58:33)\n    at Object.react-stack-bottom-frame (/Users/gonzalo/workspace/taskmaster-ui/node_modules/.pnpm/react-dom@19.1.0_react@19.1.0/node_modules/react-dom/cjs/react-dom-client.development.js:23863:20)\n    at renderWithHooks (/Users/gonzalo/workspace/taskmaster-ui/node_modules/.pnpm/react-dom@19.1.0_react@19.1.0/node_modules/react-dom/cjs/react-dom-client.development.js:5529:22)\n    at updateFunctionComponent (/Users/gonzalo/workspace/taskmaster-ui/node_modules/.pnpm/react-dom@19.1.0_react@19.1.0/node_modules/react-dom/cjs/react-dom-client.development.js:8897:19)\n    at beginWork (/Users/gonzalo/workspace/taskmaster-ui/node_modules/.pnpm/react-dom@19.1.0_react@19.1.0/node_modules/react-dom/cjs/react-dom-client.development.js:10522:18)\n    at runWithFiberInDEV (/Users/gonzalo/workspace/taskmaster-ui/node_modules/.pnpm/react-dom@19.1.0_react@19.1.0/node_modules/react-dom/cjs/react-dom-client.development.js:1522:13)\n    at performUnitOfWork (/Users/gonzalo/workspace/taskmaster-ui/node_modules/.pnpm/react-dom@19.1.0_react@19.1.0/node_modules/react-dom/cjs/react-dom-client.development.js:15140:22)\n    at workLoopSync (/Users/gonzalo/workspace/taskmaster-ui/node_modules/.pnpm/react-dom@19.1.0_react@19.1.0/node_modules/react-dom/cjs/react-dom-client.development.js:14956:41)"],"meta":{}},{"ancestorTitles":["Comprehensive Accessibility Audit"],"fullName":"Comprehensive Accessibility Audit should audit Settings page","status":"passed","title":"should audit Settings page","duration":45.408290999999736,"failureMessages":[],"meta":{}},{"ancestorTitles":["Comprehensive Accessibility Audit"],"fullName":"Comprehensive Accessibility Audit should audit Header component","status":"passed","title":"should audit Header component","duration":31.054292000000714,"failureMessages":[],"meta":{}},{"ancestorTitles":["Comprehensive Accessibility Audit"],"fullName":"Comprehensive Accessibility Audit should audit Sidebar component","status":"passed","title":"should audit Sidebar component","duration":23.21233299999949,"failureMessages":[],"meta":{}},{"ancestorTitles":["Comprehensive Accessibility Audit"],"fullName":"Comprehensive Accessibility Audit should audit LoginForm component","status":"passed","title":"should audit LoginForm component","duration":35.204375000001164,"failureMessages":[],"meta":{}},{"ancestorTitles":["Comprehensive Accessibility Audit"],"fullName":"Comprehensive Accessibility Audit should audit TaskCard component","status":"passed","title":"should audit TaskCard component","duration":17.302041999999346,"failureMessages":[],"meta":{}},{"ancestorTitles":["Comprehensive Accessibility Audit"],"fullName":"Comprehensive Accessibility Audit should audit KanbanColumn component","status":"passed","title":"should audit KanbanColumn component","duration":49.231541000001016,"failureMessages":[],"meta":{}},{"ancestorTitles":["Comprehensive Accessibility Audit"],"fullName":"Comprehensive Accessibility Audit should audit ExportButton component","status":"passed","title":"should audit ExportButton component","duration":8.896875000002183,"failureMessages":[],"meta":{}},{"ancestorTitles":["Comprehensive Accessibility Audit"],"fullName":"Comprehensive Accessibility Audit should audit ThemeToggle component","status":"passed","title":"should audit ThemeToggle component","duration":7.115667000001849,"failureMessages":[],"meta":{}},{"ancestorTitles":["Comprehensive Accessibility Audit"],"fullName":"Comprehensive Accessibility Audit should audit NotificationList component","status":"failed","title":"should audit NotificationList component","duration":1.546875,"failureMessages":["TypeError: Cannot read properties of undefined (reading 'map')\n    at NotificationList (/Users/gonzalo/workspace/taskmaster-ui/packages/frontend/src/components/Settings/NotificationList.tsx:25:22)\n    at Object.react-stack-bottom-frame (/Users/gonzalo/workspace/taskmaster-ui/node_modules/.pnpm/react-dom@19.1.0_react@19.1.0/node_modules/react-dom/cjs/react-dom-client.development.js:23863:20)\n    at renderWithHooks (/Users/gonzalo/workspace/taskmaster-ui/node_modules/.pnpm/react-dom@19.1.0_react@19.1.0/node_modules/react-dom/cjs/react-dom-client.development.js:5529:22)\n    at updateFunctionComponent (/Users/gonzalo/workspace/taskmaster-ui/node_modules/.pnpm/react-dom@19.1.0_react@19.1.0/node_modules/react-dom/cjs/react-dom-client.development.js:8897:19)\n    at beginWork (/Users/gonzalo/workspace/taskmaster-ui/node_modules/.pnpm/react-dom@19.1.0_react@19.1.0/node_modules/react-dom/cjs/react-dom-client.development.js:10522:18)\n    at runWithFiberInDEV (/Users/gonzalo/workspace/taskmaster-ui/node_modules/.pnpm/react-dom@19.1.0_react@19.1.0/node_modules/react-dom/cjs/react-dom-client.development.js:1522:13)\n    at performUnitOfWork (/Users/gonzalo/workspace/taskmaster-ui/node_modules/.pnpm/react-dom@19.1.0_react@19.1.0/node_modules/react-dom/cjs/react-dom-client.development.js:15140:22)\n    at workLoopSync (/Users/gonzalo/workspace/taskmaster-ui/node_modules/.pnpm/react-dom@19.1.0_react@19.1.0/node_modules/react-dom/cjs/react-dom-client.development.js:14956:41)\n    at renderRootSync (/Users/gonzalo/workspace/taskmaster-ui/node_modules/.pnpm/react-dom@19.1.0_react@19.1.0/node_modules/react-dom/cjs/react-dom-client.development.js:14936:11)\n    at performWorkOnRoot (/Users/gonzalo/workspace/taskmaster-ui/node_modules/.pnpm/react-dom@19.1.0_react@19.1.0/node_modules/react-dom/cjs/react-dom-client.development.js:14462:44)"],"meta":{}},{"ancestorTitles":["Comprehensive Accessibility Audit"],"fullName":"Comprehensive Accessibility Audit should audit TaskModal in create mode","status":"passed","title":"should audit TaskModal in create mode","duration":43.749125000002095,"failureMessages":[],"meta":{}},{"ancestorTitles":["Comprehensive Accessibility Audit"],"fullName":"Comprehensive Accessibility Audit should audit TaskModal in edit mode","status":"passed","title":"should audit TaskModal in edit mode","duration":41.31187499999942,"failureMessages":[],"meta":{}},{"ancestorTitles":["Comprehensive Accessibility Audit"],"fullName":"Comprehensive Accessibility Audit should audit form fields with errors","status":"passed","title":"should audit form fields with errors","duration":8.884624999998778,"failureMessages":[],"meta":{}},{"ancestorTitles":["Comprehensive Accessibility Audit"],"fullName":"Comprehensive Accessibility Audit should audit loading states","status":"failed","title":"should audit loading states","duration":1.0987919999970472,"failureMessages":["Error: Element type is invalid: expected a string (for built-in components) or a class/function (for composite components) but got: undefined. You likely forgot to export your component from the file it's defined in, or you might have mixed up default and named imports.\n    at createFiberFromTypeAndProps (/Users/gonzalo/workspace/taskmaster-ui/node_modules/.pnpm/react-dom@19.1.0_react@19.1.0/node_modules/react-dom/cjs/react-dom-client.development.js:4259:28)\n    at createFiberFromElement (/Users/gonzalo/workspace/taskmaster-ui/node_modules/.pnpm/react-dom@19.1.0_react@19.1.0/node_modules/react-dom/cjs/react-dom-client.development.js:4273:14)\n    at reconcileChildFibersImpl (/Users/gonzalo/workspace/taskmaster-ui/node_modules/.pnpm/react-dom@19.1.0_react@19.1.0/node_modules/react-dom/cjs/react-dom-client.development.js:7879:31)\n    at /Users/gonzalo/workspace/taskmaster-ui/node_modules/.pnpm/react-dom@19.1.0_react@19.1.0/node_modules/react-dom/cjs/react-dom-client.development.js:8057:33\n    at reconcileChildren (/Users/gonzalo/workspace/taskmaster-ui/node_modules/.pnpm/react-dom@19.1.0_react@19.1.0/node_modules/react-dom/cjs/react-dom-client.development.js:8621:13)\n    at beginWork (/Users/gonzalo/workspace/taskmaster-ui/node_modules/.pnpm/react-dom@19.1.0_react@19.1.0/node_modules/react-dom/cjs/react-dom-client.development.js:10915:13)\n    at runWithFiberInDEV (/Users/gonzalo/workspace/taskmaster-ui/node_modules/.pnpm/react-dom@19.1.0_react@19.1.0/node_modules/react-dom/cjs/react-dom-client.development.js:1522:13)\n    at performUnitOfWork (/Users/gonzalo/workspace/taskmaster-ui/node_modules/.pnpm/react-dom@19.1.0_react@19.1.0/node_modules/react-dom/cjs/react-dom-client.development.js:15140:22)\n    at workLoopSync (/Users/gonzalo/workspace/taskmaster-ui/node_modules/.pnpm/react-dom@19.1.0_react@19.1.0/node_modules/react-dom/cjs/react-dom-client.development.js:14956:41)\n    at renderRootSync (/Users/gonzalo/workspace/taskmaster-ui/node_modules/.pnpm/react-dom@19.1.0_react@19.1.0/node_modules/react-dom/cjs/react-dom-client.development.js:14936:11)"],"meta":{}},{"ancestorTitles":["Comprehensive Accessibility Audit"],"fullName":"Comprehensive Accessibility Audit should audit empty states","status":"passed","title":"should audit empty states","duration":12.499332999999751,"failureMessages":[],"meta":{}}],"startTime":1753640180578,"endTime":1753640181162.4993,"status":"failed","message":"","name":"/Users/gonzalo/workspace/taskmaster-ui/packages/frontend/src/tests/accessibility/comprehensive-audit.test.tsx"},{"assertionResults":[{"ancestorTitles":["Keyboard Navigation Tests","Sidebar Navigation"],"fullName":"Keyboard Navigation Tests Sidebar Navigation should navigate through menu items with Tab key","status":"passed","title":"should navigate through menu items with Tab key","duration":79.03912500000297,"failureMessages":[],"meta":{}},{"ancestorTitles":["Keyboard Navigation Tests","Sidebar Navigation"],"fullName":"Keyboard Navigation Tests Sidebar Navigation should activate menu items with Enter and Space","status":"passed","title":"should activate menu items with Enter and Space","duration":24.82666700000118,"failureMessages":[],"meta":{}},{"ancestorTitles":["Keyboard Navigation Tests","Tab Component Navigation"],"fullName":"Keyboard Navigation Tests Tab Component Navigation should navigate tabs with arrow keys","status":"passed","title":"should navigate tabs with arrow keys","duration":49.30191599999671,"failureMessages":[],"meta":{}},{"ancestorTitles":["Keyboard Navigation Tests","Tab Component Navigation"],"fullName":"Keyboard Navigation Tests Tab Component Navigation should activate tabs with Enter or Space","status":"passed","title":"should activate tabs with Enter or Space","duration":16.32800000000134,"failureMessages":[],"meta":{}},{"ancestorTitles":["Keyboard Navigation Tests","Dropdown Navigation"],"fullName":"Keyboard Navigation Tests Dropdown Navigation should navigate dropdown items with arrow keys","status":"passed","title":"should navigate dropdown items with arrow keys","duration":38.42925000000105,"failureMessages":[],"meta":{}},{"ancestorTitles":["Keyboard Navigation Tests","Dropdown Navigation"],"fullName":"Keyboard Navigation Tests Dropdown Navigation should support type-ahead in dropdowns","status":"passed","title":"should support type-ahead in dropdowns","duration":24.159458000001905,"failureMessages":[],"meta":{}},{"ancestorTitles":["Keyboard Navigation Tests","Modal Focus Management"],"fullName":"Keyboard Navigation Tests Modal Focus Management should trap focus within modal","status":"passed","title":"should trap focus within modal","duration":13.399916999995185,"failureMessages":[],"meta":{}},{"ancestorTitles":["Keyboard Navigation Tests","Modal Focus Management"],"fullName":"Keyboard Navigation Tests Modal Focus Management should return focus to trigger when closed","status":"passed","title":"should return focus to trigger when closed","duration":4.705208999999741,"failureMessages":[],"meta":{}},{"ancestorTitles":["Keyboard Navigation Tests","Form Navigation"],"fullName":"Keyboard Navigation Tests Form Navigation should navigate between form fields with Tab","status":"passed","title":"should navigate between form fields with Tab","duration":28.564707999998063,"failureMessages":[],"meta":{}},{"ancestorTitles":["Keyboard Navigation Tests","Form Navigation"],"fullName":"Keyboard Navigation Tests Form Navigation should submit form with Enter in input fields","status":"passed","title":"should submit form with Enter in input fields","duration":9.06708300000173,"failureMessages":[],"meta":{}},{"ancestorTitles":["Keyboard Navigation Tests","Global Keyboard Shortcuts"],"fullName":"Keyboard Navigation Tests Global Keyboard Shortcuts should handle global shortcuts from any focused element","status":"passed","title":"should handle global shortcuts from any focused element","duration":24.59862499999872,"failureMessages":[],"meta":{}},{"ancestorTitles":["Keyboard Navigation Tests","Complex Interaction Patterns"],"fullName":"Keyboard Navigation Tests Complex Interaction Patterns should handle grid navigation in task board","status":"passed","title":"should handle grid navigation in task board","duration":4.249958000000333,"failureMessages":[],"meta":{}},{"ancestorTitles":["Keyboard Navigation Tests","Complex Interaction Patterns"],"fullName":"Keyboard Navigation Tests Complex Interaction Patterns should support roving tabindex in toolbars","status":"passed","title":"should support roving tabindex in toolbars","duration":13.021082999999635,"failureMessages":[],"meta":{}}],"startTime":1753640195739,"endTime":1753640196069.021,"status":"passed","message":"","name":"/Users/gonzalo/workspace/taskmaster-ui/packages/frontend/src/tests/accessibility/keyboard-navigation.test.tsx"},{"assertionResults":[{"ancestorTitles":["Screen Reader Support Tests","Descriptive Labels and Text"],"fullName":"Screen Reader Support Tests Descriptive Labels and Text should have accessible names for all interactive elements","status":"passed","title":"should have accessible names for all interactive elements","duration":57.48579099999915,"failureMessages":[],"meta":{}},{"ancestorTitles":["Screen Reader Support Tests","Descriptive Labels and Text"],"fullName":"Screen Reader Support Tests Descriptive Labels and Text should provide context for ambiguous elements","status":"passed","title":"should provide context for ambiguous elements","duration":14.858625000000757,"failureMessages":[],"meta":{}},{"ancestorTitles":["Screen Reader Support Tests","Live Regions and Announcements"],"fullName":"Screen Reader Support Tests Live Regions and Announcements should announce status changes","status":"passed","title":"should announce status changes","duration":7.883832999999868,"failureMessages":[],"meta":{}},{"ancestorTitles":["Screen Reader Support Tests","Live Regions and Announcements"],"fullName":"Screen Reader Support Tests Live Regions and Announcements should use assertive announcements for errors","status":"passed","title":"should use assertive announcements for errors","duration":8.488000000004831,"failureMessages":[],"meta":{}},{"ancestorTitles":["Screen Reader Support Tests","Live Regions and Announcements"],"fullName":"Screen Reader Support Tests Live Regions and Announcements should announce loading states","status":"passed","title":"should announce loading states","duration":6.745542000004207,"failureMessages":[],"meta":{}},{"ancestorTitles":["Screen Reader Support Tests","Complex Component Accessibility"],"fullName":"Screen Reader Support Tests Complex Component Accessibility TaskCard should provide comprehensive information","status":"passed","title":"TaskCard should provide comprehensive information","duration":8.389750000002095,"failureMessages":[],"meta":{}},{"ancestorTitles":["Screen Reader Support Tests","Complex Component Accessibility"],"fullName":"Screen Reader Support Tests Complex Component Accessibility RepositoryCard should announce all details","status":"passed","title":"RepositoryCard should announce all details","duration":21.5190419999999,"failureMessages":[],"meta":{}},{"ancestorTitles":["Screen Reader Support Tests","Form Accessibility"],"fullName":"Screen Reader Support Tests Form Accessibility should associate labels with form controls","status":"passed","title":"should associate labels with form controls","duration":7.224957999998878,"failureMessages":[],"meta":{}},{"ancestorTitles":["Screen Reader Support Tests","Form Accessibility"],"fullName":"Screen Reader Support Tests Form Accessibility should announce form errors","status":"passed","title":"should announce form errors","duration":4.883584000002884,"failureMessages":[],"meta":{}},{"ancestorTitles":["Screen Reader Support Tests","Form Accessibility"],"fullName":"Screen Reader Support Tests Form Accessibility should provide help text","status":"passed","title":"should provide help text","duration":3.171457999997074,"failureMessages":[],"meta":{}},{"ancestorTitles":["Screen Reader Support Tests","Modal and Dialog Accessibility"],"fullName":"Screen Reader Support Tests Modal and Dialog Accessibility should have proper dialog structure","status":"passed","title":"should have proper dialog structure","duration":5.3587920000063605,"failureMessages":[],"meta":{}},{"ancestorTitles":["Screen Reader Support Tests","Modal and Dialog Accessibility"],"fullName":"Screen Reader Support Tests Modal and Dialog Accessibility should announce modal opening and closing","status":"passed","title":"should announce modal opening and closing","duration":16.192917000000307,"failureMessages":[],"meta":{}},{"ancestorTitles":["Screen Reader Support Tests","Data Tables and Lists"],"fullName":"Screen Reader Support Tests Data Tables and Lists should have accessible table structure","status":"passed","title":"should have accessible table structure","duration":9.299832999997307,"failureMessages":[],"meta":{}},{"ancestorTitles":["Screen Reader Support Tests","Data Tables and Lists"],"fullName":"Screen Reader Support Tests Data Tables and Lists should announce list counts and updates","status":"passed","title":"should announce list counts and updates","duration":5.5772910000014235,"failureMessages":[],"meta":{}},{"ancestorTitles":["Screen Reader Support Tests","Progress and Loading States"],"fullName":"Screen Reader Support Tests Progress and Loading States should announce progress updates","status":"passed","title":"should announce progress updates","duration":3.9590420000022277,"failureMessages":[],"meta":{}},{"ancestorTitles":["Screen Reader Support Tests","Progress and Loading States"],"fullName":"Screen Reader Support Tests Progress and Loading States should indicate busy states","status":"passed","title":"should indicate busy states","duration":3.3827910000036354,"failureMessages":[],"meta":{}},{"ancestorTitles":["Screen Reader Support Tests","Notifications and Alerts"],"fullName":"Screen Reader Support Tests Notifications and Alerts NotificationCard should be announced appropriately","status":"passed","title":"NotificationCard should be announced appropriately","duration":3.493792000001122,"failureMessages":[],"meta":{}}],"startTime":1753640197271,"endTime":1753640197459.494,"status":"passed","message":"","name":"/Users/gonzalo/workspace/taskmaster-ui/packages/frontend/src/tests/accessibility/screen-reader.test.tsx"},{"assertionResults":[{"ancestorTitles":["WCAG 2.1 AA Compliance Tests","1. Perceivable","1.1 Text Alternatives"],"fullName":"WCAG 2.1 AA Compliance Tests 1. Perceivable 1.1 Text Alternatives should have alt text for all images","status":"passed","title":"should have alt text for all images","duration":30.095375000004424,"failureMessages":[],"meta":{}},{"ancestorTitles":["WCAG 2.1 AA Compliance Tests","1. Perceivable","1.1 Text Alternatives"],"fullName":"WCAG 2.1 AA Compliance Tests 1. Perceivable 1.1 Text Alternatives should have aria-label for icon buttons","status":"passed","title":"should have aria-label for icon buttons","duration":37.23425000000134,"failureMessages":[],"meta":{}},{"ancestorTitles":["WCAG 2.1 AA Compliance Tests","1. Perceivable","1.3 Adaptable"],"fullName":"WCAG 2.1 AA Compliance Tests 1. Perceivable 1.3 Adaptable should have proper heading hierarchy","status":"passed","title":"should have proper heading hierarchy","duration":8.325083999996423,"failureMessages":[],"meta":{}},{"ancestorTitles":["WCAG 2.1 AA Compliance Tests","1. Perceivable","1.3 Adaptable"],"fullName":"WCAG 2.1 AA Compliance Tests 1. Perceivable 1.3 Adaptable should use semantic HTML elements","status":"passed","title":"should use semantic HTML elements","duration":16.91783299999952,"failureMessages":[],"meta":{}},{"ancestorTitles":["WCAG 2.1 AA Compliance Tests","1. Perceivable","1.4 Distinguishable"],"fullName":"WCAG 2.1 AA Compliance Tests 1. Perceivable 1.4 Distinguishable should have sufficient color contrast ratios","status":"passed","title":"should have sufficient color contrast ratios","duration":27.4283329999962,"failureMessages":[],"meta":{}},{"ancestorTitles":["WCAG 2.1 AA Compliance Tests","1. Perceivable","1.4 Distinguishable"],"fullName":"WCAG 2.1 AA Compliance Tests 1. Perceivable 1.4 Distinguishable should be responsive and maintain readability","status":"passed","title":"should be responsive and maintain readability","duration":7.053332999996201,"failureMessages":[],"meta":{}},{"ancestorTitles":["WCAG 2.1 AA Compliance Tests","2. Operable","2.1 Keyboard Accessible"],"fullName":"WCAG 2.1 AA Compliance Tests 2. Operable 2.1 Keyboard Accessible should allow keyboard navigation through interactive elements","status":"passed","title":"should allow keyboard navigation through interactive elements","duration":116.40637499999866,"failureMessages":[],"meta":{}},{"ancestorTitles":["WCAG 2.1 AA Compliance Tests","2. Operable","2.1 Keyboard Accessible"],"fullName":"WCAG 2.1 AA Compliance Tests 2. Operable 2.1 Keyboard Accessible should support keyboard shortcuts","status":"passed","title":"should support keyboard shortcuts","duration":82.8260420000006,"failureMessages":[],"meta":{}},{"ancestorTitles":["WCAG 2.1 AA Compliance Tests","2. Operable","2.1 Keyboard Accessible"],"fullName":"WCAG 2.1 AA Compliance Tests 2. Operable 2.1 Keyboard Accessible should have visible focus indicators","status":"passed","title":"should have visible focus indicators","duration":5.835417000002053,"failureMessages":[],"meta":{}},{"ancestorTitles":["WCAG 2.1 AA Compliance Tests","2. Operable","2.2 Enough Time"],"fullName":"WCAG 2.1 AA Compliance Tests 2. Operable 2.2 Enough Time should not have time limits on content","status":"passed","title":"should not have time limits on content","duration":6.431083000003127,"failureMessages":[],"meta":{}},{"ancestorTitles":["WCAG 2.1 AA Compliance Tests","2. Operable","2.4 Navigable"],"fullName":"WCAG 2.1 AA Compliance Tests 2. Operable 2.4 Navigable should have skip links","status":"passed","title":"should have skip links","duration":11.303040999999212,"failureMessages":[],"meta":{}},{"ancestorTitles":["WCAG 2.1 AA Compliance Tests","2. Operable","2.4 Navigable"],"fullName":"WCAG 2.1 AA Compliance Tests 2. Operable 2.4 Navigable should have descriptive page titles","status":"passed","title":"should have descriptive page titles","duration":7.266124999994645,"failureMessages":[],"meta":{}},{"ancestorTitles":["WCAG 2.1 AA Compliance Tests","2. Operable","2.4 Navigable"],"fullName":"WCAG 2.1 AA Compliance Tests 2. Operable 2.4 Navigable should have clear focus order","status":"passed","title":"should have clear focus order","duration":31.22695800000656,"failureMessages":[],"meta":{}},{"ancestorTitles":["WCAG 2.1 AA Compliance Tests","2. Operable","2.5 Input Modalities"],"fullName":"WCAG 2.1 AA Compliance Tests 2. Operable 2.5 Input Modalities should support touch targets of at least 44x44 pixels","status":"passed","title":"should support touch targets of at least 44x44 pixels","duration":3.78554200000508,"failureMessages":[],"meta":{}},{"ancestorTitles":["WCAG 2.1 AA Compliance Tests","3. Understandable","3.1 Readable"],"fullName":"WCAG 2.1 AA Compliance Tests 3. Understandable 3.1 Readable should have language attribute","status":"passed","title":"should have language attribute","duration":0.18337500000052387,"failureMessages":[],"meta":{}},{"ancestorTitles":["WCAG 2.1 AA Compliance Tests","3. Understandable","3.2 Predictable"],"fullName":"WCAG 2.1 AA Compliance Tests 3. Understandable 3.2 Predictable should not change context on focus","status":"passed","title":"should not change context on focus","duration":47.48808299999655,"failureMessages":[],"meta":{}},{"ancestorTitles":["WCAG 2.1 AA Compliance Tests","3. Understandable","3.3 Input Assistance"],"fullName":"WCAG 2.1 AA Compliance Tests 3. Understandable 3.3 Input Assistance should have error identification","status":"passed","title":"should have error identification","duration":5.153540999999677,"failureMessages":[],"meta":{}},{"ancestorTitles":["WCAG 2.1 AA Compliance Tests","3. Understandable","3.3 Input Assistance"],"fullName":"WCAG 2.1 AA Compliance Tests 3. Understandable 3.3 Input Assistance should have labels for all form inputs","status":"passed","title":"should have labels for all form inputs","duration":5.07195800000045,"failureMessages":[],"meta":{}},{"ancestorTitles":["WCAG 2.1 AA Compliance Tests","4. Robust","4.1 Compatible"],"fullName":"WCAG 2.1 AA Compliance Tests 4. Robust 4.1 Compatible should have valid ARIA attributes","status":"passed","title":"should have valid ARIA attributes","duration":78.06629200000316,"failureMessages":[],"meta":{}},{"ancestorTitles":["WCAG 2.1 AA Compliance Tests","4. Robust","4.1 Compatible"],"fullName":"WCAG 2.1 AA Compliance Tests 4. Robust 4.1 Compatible should properly nest interactive elements","status":"passed","title":"should properly nest interactive elements","duration":2.924582999999984,"failureMessages":[],"meta":{}},{"ancestorTitles":["WCAG 2.1 AA Compliance Tests","Component-specific Accessibility Tests","Modal Accessibility"],"fullName":"WCAG 2.1 AA Compliance Tests Component-specific Accessibility Tests Modal Accessibility should trap focus within modal","status":"passed","title":"should trap focus within modal","duration":4.277374999997846,"failureMessages":[],"meta":{}},{"ancestorTitles":["WCAG 2.1 AA Compliance Tests","Component-specific Accessibility Tests","Modal Accessibility"],"fullName":"WCAG 2.1 AA Compliance Tests Component-specific Accessibility Tests Modal Accessibility should have proper ARIA attributes","status":"passed","title":"should have proper ARIA attributes","duration":2.201333999997587,"failureMessages":[],"meta":{}},{"ancestorTitles":["WCAG 2.1 AA Compliance Tests","Component-specific Accessibility Tests","Tabs Accessibility"],"fullName":"WCAG 2.1 AA Compliance Tests Component-specific Accessibility Tests Tabs Accessibility should support keyboard navigation","status":"passed","title":"should support keyboard navigation","duration":87.31787499999336,"failureMessages":[],"meta":{}},{"ancestorTitles":["WCAG 2.1 AA Compliance Tests","Component-specific Accessibility Tests","Task Board Accessibility"],"fullName":"WCAG 2.1 AA Compliance Tests Component-specific Accessibility Tests Task Board Accessibility should announce drag and drop operations","status":"passed","title":"should announce drag and drop operations","duration":25.80449999999837,"failureMessages":[],"meta":{}},{"ancestorTitles":["WCAG 2.1 AA Compliance Tests","Component-specific Accessibility Tests","Task Board Accessibility"],"fullName":"WCAG 2.1 AA Compliance Tests Component-specific Accessibility Tests Task Board Accessibility should provide keyboard alternatives to drag and drop","status":"passed","title":"should provide keyboard alternatives to drag and drop","duration":22.456207999995968,"failureMessages":[],"meta":{}},{"ancestorTitles":["WCAG 2.1 AA Compliance Tests","Automated Accessibility Scanning"],"fullName":"WCAG 2.1 AA Compliance Tests Automated Accessibility Scanning Dashboard should have no accessibility violations","status":"passed","title":"Dashboard should have no accessibility violations","duration":37.68741699999373,"failureMessages":[],"meta":{}},{"ancestorTitles":["WCAG 2.1 AA Compliance Tests","Automated Accessibility Scanning"],"fullName":"WCAG 2.1 AA Compliance Tests Automated Accessibility Scanning TaskBoard should have no accessibility violations","status":"passed","title":"TaskBoard should have no accessibility violations","duration":143.68008299999929,"failureMessages":[],"meta":{}},{"ancestorTitles":["WCAG 2.1 AA Compliance Tests","Automated Accessibility Scanning"],"fullName":"WCAG 2.1 AA Compliance Tests Automated Accessibility Scanning Repositories should have no accessibility violations","status":"passed","title":"Repositories should have no accessibility violations","duration":92.5503749999989,"failureMessages":[],"meta":{}},{"ancestorTitles":["WCAG 2.1 AA Compliance Tests","Automated Accessibility Scanning"],"fullName":"WCAG 2.1 AA Compliance Tests Automated Accessibility Scanning Settings should have no accessibility violations","status":"passed","title":"Settings should have no accessibility violations","duration":41.65191700000287,"failureMessages":[],"meta":{}}],"startTime":1753640192982,"endTime":1753640193971.6519,"status":"passed","message":"","name":"/Users/gonzalo/workspace/taskmaster-ui/packages/frontend/src/tests/accessibility/wcag-compliance.test.tsx"},{"assertionResults":[{"ancestorTitles":["Authentication Flow Integration Tests"],"fullName":"Authentication Flow Integration Tests should complete full login flow and redirect to dashboard","status":"passed","title":"should complete full login flow and redirect to dashboard","duration":161.0761249999996,"failureMessages":[],"meta":{}},{"ancestorTitles":["Authentication Flow Integration Tests"],"fullName":"Authentication Flow Integration Tests should handle login errors gracefully","status":"passed","title":"should handle login errors gracefully","duration":91.14058300000033,"failureMessages":[],"meta":{}},{"ancestorTitles":["Authentication Flow Integration Tests"],"fullName":"Authentication Flow Integration Tests should logout and redirect to login","status":"skipped","title":"should logout and redirect to login","failureMessages":[],"meta":{}},{"ancestorTitles":["Authentication Flow Integration Tests"],"fullName":"Authentication Flow Integration Tests should persist authentication across page refreshes","status":"passed","title":"should persist authentication across page refreshes","duration":2.20233300000109,"failureMessages":[],"meta":{}},{"ancestorTitles":["Authentication Flow Integration Tests"],"fullName":"Authentication Flow Integration Tests should redirect to login when accessing protected route without auth","status":"skipped","title":"should redirect to login when accessing protected route without auth","failureMessages":[],"meta":{}}],"startTime":1753640196453,"endTime":1753640196707.2024,"status":"passed","message":"","name":"/Users/gonzalo/workspace/taskmaster-ui/packages/frontend/src/tests/integration/auth-flow.integration.test.tsx"},{"assertionResults":[{"ancestorTitles":["Data Export Flow Integration Tests"],"fullName":"Data Export Flow Integration Tests should export tasks in JSON format","status":"failed","title":"should export tasks in JSON format","duration":1084.7717499999999,"failureMessages":["AssertionError: expected \"spy\" to be called with arguments: [ { format: 'json', type: 'tasks' } ]\u001b[90m\n\nNumber of calls: \u001b[1m0\u001b[22m\n\u001b[39m\n\nIgnored nodes: comments, script, style\n\u001b[36m<html>\u001b[39m\n  \u001b[36m<head />\u001b[39m\n  \u001b[36m<body>\u001b[39m\n    \u001b[36m<div>\u001b[39m\n      \u001b[36m<div\u001b[39m\n        \u001b[33mclass\u001b[39m=\u001b[32m\"relative \"\u001b[39m\n      \u001b[36m>\u001b[39m\n        \u001b[36m<button\u001b[39m\n          \u001b[33maria-label\u001b[39m=\u001b[32m\"Export tasks\"\u001b[39m\n          \u001b[33mclass\u001b[39m=\u001b[32m\"inline-flex items-center px-4 py-2 text-sm font-medium text-gray-700 bg-white border border-gray-300 rounded-md hover:bg-gray-50 focus:outline-none focus:ring-2 focus:ring-blue-500 focus:ring-offset-2 disabled:opacity-50 disabled:cursor-not-allowed\"\u001b[39m\n          \u001b[33mtype\u001b[39m=\u001b[32m\"button\"\u001b[39m\n        \u001b[36m>\u001b[39m\n          \u001b[36m<svg\u001b[39m\n            \u001b[33maria-hidden\u001b[39m=\u001b[32m\"true\"\u001b[39m\n            \u001b[33mclass\u001b[39m=\u001b[32m\"lucide lucide-download h-4 w-4 mr-2\"\u001b[39m\n            \u001b[33mfill\u001b[39m=\u001b[32m\"none\"\u001b[39m\n            \u001b[33mheight\u001b[39m=\u001b[32m\"24\"\u001b[39m\n            \u001b[33mstroke\u001b[39m=\u001b[32m\"currentColor\"\u001b[39m\n            \u001b[33mstroke-linecap\u001b[39m=\u001b[32m\"round\"\u001b[39m\n            \u001b[33mstroke-linejoin\u001b[39m=\u001b[32m\"round\"\u001b[39m\n            \u001b[33mstroke-width\u001b[39m=\u001b[32m\"2\"\u001b[39m\n            \u001b[33mviewBox\u001b[39m=\u001b[32m\"0 0 24 24\"\u001b[39m\n            \u001b[33mwidth\u001b[39m=\u001b[32m\"24\"\u001b[39m\n            \u001b[33mxmlns\u001b[39m=\u001b[32m\"http://www.w3.org/2000/svg\"\u001b[39m\n          \u001b[36m>\u001b[39m\n            \u001b[36m<path\u001b[39m\n              \u001b[33md\u001b[39m=\u001b[32m\"M12 15V3\"\u001b[39m\n            \u001b[36m/>\u001b[39m\n            \u001b[36m<path\u001b[39m\n              \u001b[33md\u001b[39m=\u001b[32m\"M21 15v4a2 2 0 0 1-2 2H5a2 2 0 0 1-2-2v-4\"\u001b[39m\n            \u001b[36m/>\u001b[39m\n            \u001b[36m<path\u001b[39m\n              \u001b[33md\u001b[39m=\u001b[32m\"m7 10 5 5 5-5\"\u001b[39m\n            \u001b[36m/>\u001b[39m\n          \u001b[36m</svg>\u001b[39m\n          \u001b[0mExport\u001b[0m\n        \u001b[36m</button>\u001b[39m\n      \u001b[36m</div>\u001b[39m\n      \u001b[36m<div\u001b[39m\n        \u001b[33mclass\u001b[39m=\u001b[32m\"fixed inset-0 z-50 flex items-center justify-center bg-black bg-opacity-50\"\u001b[39m\n      \u001b[36m>\u001b[39m\n        \u001b[36m<div\u001b[39m\n          \u001b[33mclass\u001b[39m=\u001b[32m\"bg-white rounded-lg p-6 max-w-md w-full mx-4\"\u001b[39m\n        \u001b[36m>\u001b[39m\n          \u001b[36m<h3\u001b[39m\n            \u001b[33mclass\u001b[39m=\u001b[32m\"text-lg font-semibold mb-4\"\u001b[39m\n          \u001b[36m>\u001b[39m\n            \u001b[0mLarge Export Detected\u001b[0m\n          \u001b[36m</h3>\u001b[39m\n          \u001b[36m<p\u001b[39m\n            \u001b[33mclass\u001b[39m=\u001b[32m\"text-gray-600 mb-4\"\u001b[39m\n          \u001b[36m>\u001b[39m\n            \u001b[0mThis export may contain a large amount of data and could take some time to process. We recommend using background processing for better performance.\u001b[0m\n          \u001b[36m</p>\u001b[39m\n          \u001b[36m<div\u001b[39m\n            \u001b[33mclass\u001b[39m=\u001b[32m\"mb-4\"\u001b[39m\n          \u001b[36m>\u001b[39m\n            \u001b[36m<label\u001b[39m\n              \u001b[33mclass\u001b[39m=\u001b[32m\"block text-sm font-medium text-gray-700 mb-2\"\u001b[39m\n            \u001b[36m>\u001b[39m\n              \u001b[0mEmail notification (optional)\u001b[0m\n            \u001b[36m</label>\u001b[39m\n            \u001b[36m<input\u001b[39m\n              \u001b[33mclass\u001b[39m=\u001b[32m\"w-full px-3 py-2 border border-gray-300 rounded-md focus:outline-none focus:ring-2 focus:ring-blue-500\"\u001b[39m\n              \u001b[33mid\u001b[39m=\u001b[32m\"notify-email\"\u001b[39m\n              \u001b[33mplaceholder\u001b[39m=\u001b[32m\"your@email.com\"\u001b[39m\n              \u001b[33mtype\u001b[39m=\u001b[32m\"email\"\u001b[39m\n            \u001b[36m/>\u001b[39m\n            \u001b[36m<p\u001b[39m\n              \u001b[33mclass\u001b[39m=\u001b[32m\"text-xs text-gray-500 mt-1\"\u001b[39m\n            \u001b[36m>\u001b[39m\n              \u001b[0mWe'll send you an email when your export is ready\u001b[0m\n            \u001b[36m</p>\u001b[39m\n          \u001b[36m</div>\u001b[39m\n          \u001b[36m<div\u001b[39m\n            \u001b[33mclass\u001b[39m=\u001b[32m\"flex gap-3\"\u001b[39m\n          \u001b[36m>\u001b[39m\n            \u001b[36m<button\u001b[39m\n              \u001b[33mclass\u001b[39m=\u001b[32m\"flex-1 bg-blue-600 text-white px-4 py-2 rounded-md hover:bg-blue-700 flex items-center justify-center\"\u001b[39m\n            \u001b[36m>\u001b[39m\n              \u001b[36m<svg\u001b[39m\n                \u001b[33maria-hidden\u001b[39m=\u001b[32m\"true\"\u001b[39m\n                \u001b[33mclass\u001b[39m=\u001b[32m\"lucide lucide-clock h-4 w-4 mr-2\"\u001b[39m\n                \u001b[33mfill\u001b[39m=\u001b[32m\"none\"\u001b[39m\n                \u001b[33mheight\u001b[39m=\u001b[32m\"24\"\u001b[39m\n                \u001b[33mstroke\u001b[39m=\u001b[32m\"currentColor\"\u001b[39m\n                \u001b[33mstroke-linecap\u001b[39m=\u001b[32m\"round\"\u001b[39m\n                \u001b[33mstroke-linejoin\u001b[39m=\u001b[32m\"round\"\u001b[39m\n                \u001b[33mstroke-width\u001b[39m=\u001b[32m\"2\"\u001b[39m\n                \u001b[33mviewBox\u001b[39m=\u001b[32m\"0 0 24 24\"\u001b[39m\n                \u001b[33mwidth\u001b[39m=\u001b[32m\"24\"\u001b[39m\n                \u001b[33mxmlns\u001b[39m=\u001b[32m\"http://www.w3.org/2000/svg\"\u001b[39m\n              \u001b[36m>\u001b[39m\n                \u001b[36m<path\u001b[39m\n                  \u001b[33md\u001b[39m=\u001b[32m\"M12 6v6l4 2\"\u001b[39m\n                \u001b[36m/>\u001b[39m\n                \u001b[36m<circle\u001b[39m\n                  \u001b[33mcx\u001b[39m=\u001b[32m\"12\"\u001b[39m\n                  \u001b[33mcy\u001b[39m=\u001b[32m\"12\"\u001b[39m\n                  \u001b[33mr\u001b[39m=\u001b[32m\"10\"\u001b[39m\n                \u001b[36m/>\u001b[39m\n              \u001b[36m</svg>\u001b[39m\n              \u001b[0mProcess in Background\u001b[0m\n            \u001b[36m</button>\u001b[39m\n            \u001b[36m<button\u001b[39m\n              \u001b[33mclass\u001b[39m=\u001b[32m\"flex-1 bg-gray-200 text-gray-700 px-4 py-2 rounded-md hover:bg-gray-300\"\u001b[39m\n            \u001b[36m>\u001b[39m\n              \u001b[0mExport Now\u001b[0m\n            \u001b[36m</button>\u001b[39m\n            \u001b[36m<button\u001b[39m\n              \u001b[33mclass\u001b[39m=\u001b[32m\"px-4 py-2 text-gray-600 hover:text-gray-800\"\u001b[39m\n            \u001b[36m>\u001b[39m\n              \u001b[0mCancel\u001b[0m\n            \u001b[36m</button>\u001b[39m\n          \u001b[36m</div>\u001b[39m\n        \u001b[36m</div>\u001b[39m\n      \u001b[36m</div>\u001b[39m\n    \u001b[36m</div>\u001b[39m\n  \u001b[36m</body>\u001b[39m\n\u001b[36m</html>\u001b[39m\n    at Proxy.<anonymous> (file:///Users/gonzalo/workspace/taskmaster-ui/node_modules/.pnpm/@vitest+expect@3.2.4/node_modules/@vitest/expect/dist/index.js:1355:10)\n    at Proxy.<anonymous> (file:///Users/gonzalo/workspace/taskmaster-ui/node_modules/.pnpm/@vitest+expect@3.2.4/node_modules/@vitest/expect/dist/index.js:1029:14)\n    at Proxy.methodWrapper (file:///Users/gonzalo/workspace/taskmaster-ui/node_modules/.pnpm/chai@5.2.1/node_modules/chai/chai.js:1706:25)\n    at /Users/gonzalo/workspace/taskmaster-ui/packages/frontend/src/tests/integration/data-export-flow.integration.test.tsx:86:31\n    at runWithExpensiveErrorDiagnosticsDisabled (/Users/gonzalo/workspace/taskmaster-ui/node_modules/.pnpm/@testing-library+dom@10.4.0/node_modules/@testing-library/dom/dist/config.js:47:12)\n    at checkCallback (/Users/gonzalo/workspace/taskmaster-ui/node_modules/.pnpm/@testing-library+dom@10.4.0/node_modules/@testing-library/dom/dist/wait-for.js:124:77)\n    at Timeout.checkRealTimersCallback (/Users/gonzalo/workspace/taskmaster-ui/node_modules/.pnpm/@testing-library+dom@10.4.0/node_modules/@testing-library/dom/dist/wait-for.js:118:16)\n    at listOnTimeout (node:internal/timers:608:17)\n    at processTimers (node:internal/timers:543:7)"],"meta":{}},{"ancestorTitles":["Data Export Flow Integration Tests"],"fullName":"Data Export Flow Integration Tests should export tasks in CSV format","status":"failed","title":"should export tasks in CSV format","duration":1024.9302499999994,"failureMessages":["AssertionError: expected \"spy\" to be called with arguments: [ { format: 'csv', type: 'tasks' } ]\u001b[90m\n\nNumber of calls: \u001b[1m0\u001b[22m\n\u001b[39m\n\nIgnored nodes: comments, script, style\n\u001b[36m<html>\u001b[39m\n  \u001b[36m<head />\u001b[39m\n  \u001b[36m<body>\u001b[39m\n    \u001b[36m<div>\u001b[39m\n      \u001b[36m<div\u001b[39m\n        \u001b[33mclass\u001b[39m=\u001b[32m\"relative \"\u001b[39m\n      \u001b[36m>\u001b[39m\n        \u001b[36m<button\u001b[39m\n          \u001b[33maria-label\u001b[39m=\u001b[32m\"Export tasks\"\u001b[39m\n          \u001b[33mclass\u001b[39m=\u001b[32m\"inline-flex items-center px-4 py-2 text-sm font-medium text-gray-700 bg-white border border-gray-300 rounded-md hover:bg-gray-50 focus:outline-none focus:ring-2 focus:ring-blue-500 focus:ring-offset-2 disabled:opacity-50 disabled:cursor-not-allowed\"\u001b[39m\n          \u001b[33mtype\u001b[39m=\u001b[32m\"button\"\u001b[39m\n        \u001b[36m>\u001b[39m\n          \u001b[36m<svg\u001b[39m\n            \u001b[33maria-hidden\u001b[39m=\u001b[32m\"true\"\u001b[39m\n            \u001b[33mclass\u001b[39m=\u001b[32m\"lucide lucide-download h-4 w-4 mr-2\"\u001b[39m\n            \u001b[33mfill\u001b[39m=\u001b[32m\"none\"\u001b[39m\n            \u001b[33mheight\u001b[39m=\u001b[32m\"24\"\u001b[39m\n            \u001b[33mstroke\u001b[39m=\u001b[32m\"currentColor\"\u001b[39m\n            \u001b[33mstroke-linecap\u001b[39m=\u001b[32m\"round\"\u001b[39m\n            \u001b[33mstroke-linejoin\u001b[39m=\u001b[32m\"round\"\u001b[39m\n            \u001b[33mstroke-width\u001b[39m=\u001b[32m\"2\"\u001b[39m\n            \u001b[33mviewBox\u001b[39m=\u001b[32m\"0 0 24 24\"\u001b[39m\n            \u001b[33mwidth\u001b[39m=\u001b[32m\"24\"\u001b[39m\n            \u001b[33mxmlns\u001b[39m=\u001b[32m\"http://www.w3.org/2000/svg\"\u001b[39m\n          \u001b[36m>\u001b[39m\n            \u001b[36m<path\u001b[39m\n              \u001b[33md\u001b[39m=\u001b[32m\"M12 15V3\"\u001b[39m\n            \u001b[36m/>\u001b[39m\n            \u001b[36m<path\u001b[39m\n              \u001b[33md\u001b[39m=\u001b[32m\"M21 15v4a2 2 0 0 1-2 2H5a2 2 0 0 1-2-2v-4\"\u001b[39m\n            \u001b[36m/>\u001b[39m\n            \u001b[36m<path\u001b[39m\n              \u001b[33md\u001b[39m=\u001b[32m\"m7 10 5 5 5-5\"\u001b[39m\n            \u001b[36m/>\u001b[39m\n          \u001b[36m</svg>\u001b[39m\n          \u001b[0mExport\u001b[0m\n        \u001b[36m</button>\u001b[39m\n      \u001b[36m</div>\u001b[39m\n      \u001b[36m<div\u001b[39m\n        \u001b[33mclass\u001b[39m=\u001b[32m\"fixed inset-0 z-50 flex items-center justify-center bg-black bg-opacity-50\"\u001b[39m\n      \u001b[36m>\u001b[39m\n        \u001b[36m<div\u001b[39m\n          \u001b[33mclass\u001b[39m=\u001b[32m\"bg-white rounded-lg p-6 max-w-md w-full mx-4\"\u001b[39m\n        \u001b[36m>\u001b[39m\n          \u001b[36m<h3\u001b[39m\n            \u001b[33mclass\u001b[39m=\u001b[32m\"text-lg font-semibold mb-4\"\u001b[39m\n          \u001b[36m>\u001b[39m\n            \u001b[0mLarge Export Detected\u001b[0m\n          \u001b[36m</h3>\u001b[39m\n          \u001b[36m<p\u001b[39m\n            \u001b[33mclass\u001b[39m=\u001b[32m\"text-gray-600 mb-4\"\u001b[39m\n          \u001b[36m>\u001b[39m\n            \u001b[0mThis export may contain a large amount of data and could take some time to process. We recommend using background processing for better performance.\u001b[0m\n          \u001b[36m</p>\u001b[39m\n          \u001b[36m<div\u001b[39m\n            \u001b[33mclass\u001b[39m=\u001b[32m\"mb-4\"\u001b[39m\n          \u001b[36m>\u001b[39m\n            \u001b[36m<label\u001b[39m\n              \u001b[33mclass\u001b[39m=\u001b[32m\"block text-sm font-medium text-gray-700 mb-2\"\u001b[39m\n            \u001b[36m>\u001b[39m\n              \u001b[0mEmail notification (optional)\u001b[0m\n            \u001b[36m</label>\u001b[39m\n            \u001b[36m<input\u001b[39m\n              \u001b[33mclass\u001b[39m=\u001b[32m\"w-full px-3 py-2 border border-gray-300 rounded-md focus:outline-none focus:ring-2 focus:ring-blue-500\"\u001b[39m\n              \u001b[33mid\u001b[39m=\u001b[32m\"notify-email\"\u001b[39m\n              \u001b[33mplaceholder\u001b[39m=\u001b[32m\"your@email.com\"\u001b[39m\n              \u001b[33mtype\u001b[39m=\u001b[32m\"email\"\u001b[39m\n            \u001b[36m/>\u001b[39m\n            \u001b[36m<p\u001b[39m\n              \u001b[33mclass\u001b[39m=\u001b[32m\"text-xs text-gray-500 mt-1\"\u001b[39m\n            \u001b[36m>\u001b[39m\n              \u001b[0mWe'll send you an email when your export is ready\u001b[0m\n            \u001b[36m</p>\u001b[39m\n          \u001b[36m</div>\u001b[39m\n          \u001b[36m<div\u001b[39m\n            \u001b[33mclass\u001b[39m=\u001b[32m\"flex gap-3\"\u001b[39m\n          \u001b[36m>\u001b[39m\n            \u001b[36m<button\u001b[39m\n              \u001b[33mclass\u001b[39m=\u001b[32m\"flex-1 bg-blue-600 text-white px-4 py-2 rounded-md hover:bg-blue-700 flex items-center justify-center\"\u001b[39m\n            \u001b[36m>\u001b[39m\n              \u001b[36m<svg\u001b[39m\n                \u001b[33maria-hidden\u001b[39m=\u001b[32m\"true\"\u001b[39m\n                \u001b[33mclass\u001b[39m=\u001b[32m\"lucide lucide-clock h-4 w-4 mr-2\"\u001b[39m\n                \u001b[33mfill\u001b[39m=\u001b[32m\"none\"\u001b[39m\n                \u001b[33mheight\u001b[39m=\u001b[32m\"24\"\u001b[39m\n                \u001b[33mstroke\u001b[39m=\u001b[32m\"currentColor\"\u001b[39m\n                \u001b[33mstroke-linecap\u001b[39m=\u001b[32m\"round\"\u001b[39m\n                \u001b[33mstroke-linejoin\u001b[39m=\u001b[32m\"round\"\u001b[39m\n                \u001b[33mstroke-width\u001b[39m=\u001b[32m\"2\"\u001b[39m\n                \u001b[33mviewBox\u001b[39m=\u001b[32m\"0 0 24 24\"\u001b[39m\n                \u001b[33mwidth\u001b[39m=\u001b[32m\"24\"\u001b[39m\n                \u001b[33mxmlns\u001b[39m=\u001b[32m\"http://www.w3.org/2000/svg\"\u001b[39m\n              \u001b[36m>\u001b[39m\n                \u001b[36m<path\u001b[39m\n                  \u001b[33md\u001b[39m=\u001b[32m\"M12 6v6l4 2\"\u001b[39m\n                \u001b[36m/>\u001b[39m\n                \u001b[36m<circle\u001b[39m\n                  \u001b[33mcx\u001b[39m=\u001b[32m\"12\"\u001b[39m\n                  \u001b[33mcy\u001b[39m=\u001b[32m\"12\"\u001b[39m\n                  \u001b[33mr\u001b[39m=\u001b[32m\"10\"\u001b[39m\n                \u001b[36m/>\u001b[39m\n              \u001b[36m</svg>\u001b[39m\n              \u001b[0mProcess in Background\u001b[0m\n            \u001b[36m</button>\u001b[39m\n            \u001b[36m<button\u001b[39m\n              \u001b[33mclass\u001b[39m=\u001b[32m\"flex-1 bg-gray-200 text-gray-700 px-4 py-2 rounded-md hover:bg-gray-300\"\u001b[39m\n            \u001b[36m>\u001b[39m\n              \u001b[0mExport Now\u001b[0m\n            \u001b[36m</button>\u001b[39m\n            \u001b[36m<button\u001b[39m\n              \u001b[33mclass\u001b[39m=\u001b[32m\"px-4 py-2 text-gray-600 hover:text-gray-800\"\u001b[39m\n            \u001b[36m>\u001b[39m\n              \u001b[0mCancel\u001b[0m\n            \u001b[36m</button>\u001b[39m\n          \u001b[36m</div>\u001b[39m\n        \u001b[36m</div>\u001b[39m\n      \u001b[36m</div>\u001b[39m\n    \u001b[36m</div>\u001b[39m\n  \u001b[36m</body>\u001b[39m\n\u001b[36m</html>\u001b[39m\n    at Proxy.<anonymous> (file:///Users/gonzalo/workspace/taskmaster-ui/node_modules/.pnpm/@vitest+expect@3.2.4/node_modules/@vitest/expect/dist/index.js:1355:10)\n    at Proxy.<anonymous> (file:///Users/gonzalo/workspace/taskmaster-ui/node_modules/.pnpm/@vitest+expect@3.2.4/node_modules/@vitest/expect/dist/index.js:1029:14)\n    at Proxy.methodWrapper (file:///Users/gonzalo/workspace/taskmaster-ui/node_modules/.pnpm/chai@5.2.1/node_modules/chai/chai.js:1706:25)\n    at /Users/gonzalo/workspace/taskmaster-ui/packages/frontend/src/tests/integration/data-export-flow.integration.test.tsx:117:31\n    at runWithExpensiveErrorDiagnosticsDisabled (/Users/gonzalo/workspace/taskmaster-ui/node_modules/.pnpm/@testing-library+dom@10.4.0/node_modules/@testing-library/dom/dist/config.js:47:12)\n    at checkCallback (/Users/gonzalo/workspace/taskmaster-ui/node_modules/.pnpm/@testing-library+dom@10.4.0/node_modules/@testing-library/dom/dist/wait-for.js:124:77)\n    at Timeout.checkRealTimersCallback (/Users/gonzalo/workspace/taskmaster-ui/node_modules/.pnpm/@testing-library+dom@10.4.0/node_modules/@testing-library/dom/dist/wait-for.js:118:16)\n    at listOnTimeout (node:internal/timers:608:17)\n    at processTimers (node:internal/timers:543:7)"],"meta":{}},{"ancestorTitles":["Data Export Flow Integration Tests"],"fullName":"Data Export Flow Integration Tests should handle export with filters","status":"passed","title":"should handle export with filters","duration":21.194374999999127,"failureMessages":[],"meta":{}},{"ancestorTitles":["Data Export Flow Integration Tests"],"fullName":"Data Export Flow Integration Tests should show loading state during export","status":"failed","title":"should show loading state during export","duration":22.718666000000667,"failureMessages":["TestingLibraryElementError: Unable to find an element with the text: /exporting/i. This could be because the text is broken up by multiple elements. In this case, you can provide a function for your text matcher to make your matcher more flexible.\n\nIgnored nodes: comments, script, style\n\u001b[36m<body>\u001b[39m\n  \u001b[36m<div>\u001b[39m\n    \u001b[36m<div\u001b[39m\n      \u001b[33mclass\u001b[39m=\u001b[32m\"relative \"\u001b[39m\n    \u001b[36m>\u001b[39m\n      \u001b[36m<button\u001b[39m\n        \u001b[33maria-label\u001b[39m=\u001b[32m\"Export tasks\"\u001b[39m\n        \u001b[33mclass\u001b[39m=\u001b[32m\"inline-flex items-center px-4 py-2 text-sm font-medium text-gray-700 bg-white border border-gray-300 rounded-md hover:bg-gray-50 focus:outline-none focus:ring-2 focus:ring-blue-500 focus:ring-offset-2 disabled:opacity-50 disabled:cursor-not-allowed\"\u001b[39m\n        \u001b[33mtype\u001b[39m=\u001b[32m\"button\"\u001b[39m\n      \u001b[36m>\u001b[39m\n        \u001b[36m<svg\u001b[39m\n          \u001b[33maria-hidden\u001b[39m=\u001b[32m\"true\"\u001b[39m\n          \u001b[33mclass\u001b[39m=\u001b[32m\"lucide lucide-download h-4 w-4 mr-2\"\u001b[39m\n          \u001b[33mfill\u001b[39m=\u001b[32m\"none\"\u001b[39m\n          \u001b[33mheight\u001b[39m=\u001b[32m\"24\"\u001b[39m\n          \u001b[33mstroke\u001b[39m=\u001b[32m\"currentColor\"\u001b[39m\n          \u001b[33mstroke-linecap\u001b[39m=\u001b[32m\"round\"\u001b[39m\n          \u001b[33mstroke-linejoin\u001b[39m=\u001b[32m\"round\"\u001b[39m\n          \u001b[33mstroke-width\u001b[39m=\u001b[32m\"2\"\u001b[39m\n          \u001b[33mviewBox\u001b[39m=\u001b[32m\"0 0 24 24\"\u001b[39m\n          \u001b[33mwidth\u001b[39m=\u001b[32m\"24\"\u001b[39m\n          \u001b[33mxmlns\u001b[39m=\u001b[32m\"http://www.w3.org/2000/svg\"\u001b[39m\n        \u001b[36m>\u001b[39m\n          \u001b[36m<path\u001b[39m\n            \u001b[33md\u001b[39m=\u001b[32m\"M12 15V3\"\u001b[39m\n          \u001b[36m/>\u001b[39m\n          \u001b[36m<path\u001b[39m\n            \u001b[33md\u001b[39m=\u001b[32m\"M21 15v4a2 2 0 0 1-2 2H5a2 2 0 0 1-2-2v-4\"\u001b[39m\n          \u001b[36m/>\u001b[39m\n          \u001b[36m<path\u001b[39m\n            \u001b[33md\u001b[39m=\u001b[32m\"m7 10 5 5 5-5\"\u001b[39m\n          \u001b[36m/>\u001b[39m\n        \u001b[36m</svg>\u001b[39m\n        \u001b[0mExport\u001b[0m\n      \u001b[36m</button>\u001b[39m\n    \u001b[36m</div>\u001b[39m\n    \u001b[36m<div\u001b[39m\n      \u001b[33mclass\u001b[39m=\u001b[32m\"fixed inset-0 z-50 flex items-center justify-center bg-black bg-opacity-50\"\u001b[39m\n    \u001b[36m>\u001b[39m\n      \u001b[36m<div\u001b[39m\n        \u001b[33mclass\u001b[39m=\u001b[32m\"bg-white rounded-lg p-6 max-w-md w-full mx-4\"\u001b[39m\n      \u001b[36m>\u001b[39m\n        \u001b[36m<h3\u001b[39m\n          \u001b[33mclass\u001b[39m=\u001b[32m\"text-lg font-semibold mb-4\"\u001b[39m\n        \u001b[36m>\u001b[39m\n          \u001b[0mLarge Export Detected\u001b[0m\n        \u001b[36m</h3>\u001b[39m\n        \u001b[36m<p\u001b[39m\n          \u001b[33mclass\u001b[39m=\u001b[32m\"text-gray-600 mb-4\"\u001b[39m\n        \u001b[36m>\u001b[39m\n          \u001b[0mThis export may contain a large amount of data and could take some time to process. We recommend using background processing for better performance.\u001b[0m\n        \u001b[36m</p>\u001b[39m\n        
[...]
ooks useTaskSubmit handles submission errors","status":"failed","title":"handles submission errors","duration":4.636749999997846,"failureMessages":["AssertionError: expected null to be 'Submission failed' // Object.is equality\n    at /Users/gonzalo/workspace/taskmaster-ui/packages/frontend/src/components/TaskBoard/TaskModal/__tests__/hooks.test.tsx:111:42\n    at file:///Users/gonzalo/workspace/taskmaster-ui/node_modules/.pnpm/@vitest+runner@3.2.4/node_modules/@vitest/runner/dist/chunk-hooks.js:752:20"],"meta":{}},{"ancestorTitles":["Task Form Hooks","useTaskSubmit"],"fullName":"Task Form Hooks useTaskSubmit cleans data before submission","status":"failed","title":"cleans data before submission","duration":3.218709000000672,"failureMessages":["AssertionError: expected \"spy\" to be called with arguments: [ { title: 'Trimmed Title', …(6) } ]\u001b[90m\n\nReceived: \n\n\u001b[1m  1st spy call:\n\n\u001b[22m\u001b[33m@@ -4,11 +4,11 @@\u001b[90m\n\u001b[2m      \"dependencies\": [],\u001b[22m\n\u001b[2m      \"description\": \"Trimmed Description\",\u001b[22m\n\u001b[2m      \"details\": undefined,\u001b[22m\n\u001b[2m      \"tags\": [\u001b[22m\n\u001b[2m        \"tag1\",\u001b[22m\n\u001b[32m-       \"tag2\",\u001b[90m\n\u001b[31m+       \"  tag2  \",\u001b[90m\n\u001b[2m      ],\u001b[22m\n\u001b[2m      \"testStrategy\": undefined,\u001b[22m\n\u001b[2m      \"title\": \"Trimmed Title\",\u001b[22m\n\u001b[2m    },\u001b[22m\n\u001b[2m  ]\u001b[22m\n\u001b[39m\u001b[90m\n\nNumber of calls: \u001b[1m1\u001b[22m\n\u001b[39m\n    at Proxy.<anonymous> (file:///Users/gonzalo/workspace/taskmaster-ui/node_modules/.pnpm/@vitest+expect@3.2.4/node_modules/@vitest/expect/dist/index.js:1355:10)\n    at Proxy.<anonymous> (file:///Users/gonzalo/workspace/taskmaster-ui/node_modules/.pnpm/@vitest+expect@3.2.4/node_modules/@vitest/expect/dist/index.js:1029:14)\n    at Proxy.methodWrapper (file:///Users/gonzalo/workspace/taskmaster-ui/node_modules/.pnpm/chai@5.2.1/node_modules/chai/chai.js:1706:25)\n    at /Users/gonzalo/workspace/taskmaster-ui/packages/frontend/src/components/TaskBoard/TaskModal/__tests__/hooks.test.tsx:128:28\n    at file:///Users/gonzalo/workspace/taskmaster-ui/node_modules/.pnpm/@vitest+runner@3.2.4/node_modules/@vitest/runner/dist/chunk-hooks.js:752:20"],"meta":{}},{"ancestorTitles":["Task Form Hooks","useTaskSubmit"],"fullName":"Task Form Hooks useTaskSubmit respects validation option","status":"passed","title":"respects validation option","duration":0.7745839999988675,"failureMessages":[],"meta":{}},{"ancestorTitles":["Task Form Hooks","useFormField"],"fullName":"Task Form Hooks useFormField manages field state correctly","status":"passed","title":"manages field state correctly","duration":0.8076249999940046,"failureMessages":[],"meta":{}},{"ancestorTitles":["Task Form Hooks","useFormField"],"fullName":"Task Form Hooks useFormField validates on change when touched","status":"passed","title":"validates on change when touched","duration":0.7647910000014235,"failureMessages":[],"meta":{}},{"ancestorTitles":["Task Form Hooks","useFormField"],"fullName":"Task Form Hooks useFormField applies transform function","status":"passed","title":"applies transform function","duration":0.46050000000104774,"failureMessages":[],"meta":{}},{"ancestorTitles":["Task Form Hooks","useFormField"],"fullName":"Task Form Hooks useFormField resets to initial value","status":"passed","title":"resets to initial value","duration":0.5639999999984866,"failureMessages":[],"meta":{}},{"ancestorTitles":["Task Form Hooks","useTaskDependencies"],"fullName":"Task Form Hooks useTaskDependencies filters out current task from available dependencies","status":"passed","title":"filters out current task from available dependencies","duration":0.7230420000050799,"failureMessages":[],"meta":{}},{"ancestorTitles":["Task Form Hooks","useTaskDependencies"],"fullName":"Task Form Hooks useTaskDependencies adds and removes dependencies","status":"passed","title":"adds and removes dependencies","duration":0.6568750000005821,"failureMessages":[],"meta":{}},{"ancestorTitles":["Task Form Hooks","useTaskDependencies"],"fullName":"Task Form Hooks useTaskDependencies toggles dependencies","status":"passed","title":"toggles dependencies","duration":0.4640419999996084,"failureMessages":[],"meta":{}},{"ancestorTitles":["Task Form Hooks","useTaskDependencies"],"fullName":"Task Form Hooks useTaskDependencies validates dependencies","status":"passed","title":"validates dependencies","duration":0.4646659999998519,"failureMessages":[],"meta":{}},{"ancestorTitles":["Task Form Hooks","useTaskTags"],"fullName":"Task Form Hooks useTaskTags manages tags correctly","status":"passed","title":"manages tags correctly","duration":0.6653330000044662,"failureMessages":[],"meta":{}},{"ancestorTitles":["Task Form Hooks","useTaskTags"],"fullName":"Task Form Hooks useTaskTags validates tags","status":"passed","title":"validates tags","duration":0.4467079999958514,"failureMessages":[],"meta":{}},{"ancestorTitles":["Task Form Hooks","useTaskTags"],"fullName":"Task Form Hooks useTaskTags suggests available tags","status":"passed","title":"suggests available tags","duration":0.30008400000224356,"failureMessages":[],"meta":{}},{"ancestorTitles":["Task Form Hooks","useTaskTags"],"fullName":"Task Form Hooks useTaskTags respects custom tag restrictions","status":"passed","title":"respects custom tag restrictions","duration":0.42079199999716366,"failureMessages":[],"meta":{}}],"startTime":1753640186789,"endTime":1753640186818.421,"status":"failed","message":"","name":"/Users/gonzalo/workspace/taskmaster-ui/packages/frontend/src/components/TaskBoard/TaskModal/__tests__/hooks.test.tsx"},{"assertionResults":[{"ancestorTitles":["Task Creation Validation","Client-side validation"],"fullName":"Task Creation Validation Client-side validation should validate required title field","status":"passed","title":"should validate required title field","duration":70.09304200000042,"failureMessages":[],"meta":{}},{"ancestorTitles":["Task Creation Validation","Client-side validation"],"fullName":"Task Creation Validation Client-side validation should validate title length","status":"passed","title":"should validate title length","duration":53.826499999999214,"failureMessages":[],"meta":{}},{"ancestorTitles":["Task Creation Validation","Client-side validation"],"fullName":"Task Creation Validation Client-side validation should validate required description field","status":"passed","title":"should validate required description field","duration":79.8370419999992,"failureMessages":[],"meta":{}},{"ancestorTitles":["Task Creation Validation","Client-side validation"],"fullName":"Task Creation Validation Client-side validation should validate description length","status":"passed","title":"should validate description length","duration":101.08837499999936,"failureMessages":[],"meta":{}},{"ancestorTitles":["Task Creation Validation","Client-side validation"],"fullName":"Task Creation Validation Client-side validation should validate due date is not in the past","status":"passed","title":"should validate due date is not in the past","duration":197.80954199999906,"failureMessages":[],"meta":{}},{"ancestorTitles":["Task Creation Validation","Client-side validation"],"fullName":"Task Creation Validation Client-side validation should allow valid task creation","status":"passed","title":"should allow valid task creation","duration":252.1850000000013,"failureMessages":[],"meta":{}},{"ancestorTitles":["Task Creation Validation","Error handling"],"fullName":"Task Creation Validation Error handling should display server validation errors","status":"passed","title":"should display server validation errors","duration":199.73791600000186,"failureMessages":[],"meta":{}},{"ancestorTitles":["Task Creation Validation","Error handling"],"fullName":"Task Creation Validation Error handling should handle network errors gracefully","status":"passed","title":"should handle network errors gracefully","duration":224.2790419999983,"failureMessages":[],"meta":{}},{"ancestorTitles":["Task Creation Validation","Error handling"],"fullName":"Task Creation Validation Error handling should clear errors when user corrects input","status":"failed","title":"should clear errors when user corrects input","duration":1058.0509579999998,"failureMessages":["Error: \u001b[2mexpect(\u001b[22m\u001b[31melement\u001b[39m\u001b[2m).not.toBeInTheDocument()\u001b[22m\n\n\u001b[31mexpected document not to contain element, found <span\n  class=\"text-sm text-red-600\"\n>\n  Title is required\n</span> instead\u001b[39m\n\nIgnored nodes: comments, script, style\n\u001b[36m<html>\u001b[39m\n  \u001b[36m<head />\u001b[39m\n  \u001b[36m<body\u001b[39m\n    \u001b[33mstyle\u001b[39m=\u001b[32m\"overflow: hidden; padding-right: 1024px;\"\u001b[39m\n  \u001b[36m>\u001b[39m\n    \u001b[36m<div>\u001b[39m\n      \u001b[36m<div\u001b[39m\n        \u001b[33mclass\u001b[39m=\u001b[32m\"fixed inset-0 z-50 flex items-center justify-center bg-black bg-opacity-50 \"\u001b[39m\n      \u001b[36m>\u001b[39m\n        \u001b[36m<div\u001b[39m\n          \u001b[33maria-labelledby\u001b[39m=\u001b[32m\"task-modal-title\"\u001b[39m\n          \u001b[33maria-modal\u001b[39m=\u001b[32m\"true\"\u001b[39m\n          \u001b[33mclass\u001b[39m=\u001b[32m\"bg-white rounded-lg shadow-xl max-w-2xl w-full mx-4 max-h-[90vh] overflow-hidden flex flex-col\"\u001b[39m\n          \u001b[33mdata-testid\u001b[39m=\u001b[32m\"task-modal\"\u001b[39m\n          \u001b[33mrole\u001b[39m=\u001b[32m\"dialog\"\u001b[39m\n          \u001b[33mtabindex\u001b[39m=\u001b[32m\"-1\"\u001b[39m\n        \u001b[36m>\u001b[39m\n          \u001b[36m<div\u001b[39m\n            \u001b[33mclass\u001b[39m=\u001b[32m\"flex items-center justify-between p-6 border-b border-gray-200\"\u001b[39m\n          \u001b[36m>\u001b[39m\n            \u001b[36m<h2\u001b[39m\n              \u001b[33mclass\u001b[39m=\u001b[32m\"text-xl font-semibold text-gray-900\"\u001b[39m\n              \u001b[33mid\u001b[39m=\u001b[32m\"task-modal-title\"\u001b[39m\n            \u001b[36m>\u001b[39m\n              \u001b[0mCreate New Task\u001b[0m\n            \u001b[36m</h2>\u001b[39m\n            \u001b[36m<button\u001b[39m\n              \u001b[33maria-label\u001b[39m=\u001b[32m\"Close modal\"\u001b[39m\n              \u001b[33mclass\u001b[39m=\u001b[32m\"inline-flex items-center justify-center w-8 h-8 rounded-full text-gray-400 hover:text-gray-600 hover:bg-gray-100 transition-colors\"\u001b[39m\n            \u001b[36m>\u001b[39m\n              \u001b[0m×\u001b[0m\n            \u001b[36m</button>\u001b[39m\n          \u001b[36m</div>\u001b[39m\n          \u001b[36m<div\u001b[39m\n            \u001b[33mclass\u001b[39m=\u001b[32m\"flex-1 overflow-y-auto scrollbar-modal p-6\"\u001b[39m\n          \u001b[36m>\u001b[39m\n            \u001b[36m<form\u001b[39m\n              \u001b[33mclass\u001b[39m=\u001b[32m\"space-y-6\"\u001b[39m\n            \u001b[36m>\u001b[39m\n              \u001b[36m<div\u001b[39m\n                \u001b[33mclass\u001b[39m=\u001b[32m\"space-y-2\"\u001b[39m\n              \u001b[36m>\u001b[39m\n                \u001b[36m<label\u001b[39m\n                  \u001b[33mclass\u001b[39m=\u001b[32m\"block text-sm font-medium text-gray-700\"\u001b[39m\n                  \u001b[33mfor\u001b[39m=\u001b[32m\"task-title\"\u001b[39m\n                \u001b[36m>\u001b[39m\n                  \u001b[0mTitle *\u001b[0m\n                \u001b[36m</label>\u001b[39m\n                \u001b[36m<input\u001b[39m\n                  \u001b[33mclass\u001b[39m=\u001b[32m\"block w-full px-3 py-2 border rounded-md shadow-sm text-gray-900 placeholder-gray-500 focus:outline-none focus:ring-2 focus:ring-blue-500 focus:border-blue-500 border-red-300 bg-red-50\"\u001b[39m\n                  \u001b[33mdata-testid\u001b[39m=\u001b[32m\"task-title-input\"\u001b[39m\n                  \u001b[33mid\u001b[39m=\u001b[32m\"task-title\"\u001b[39m\n                  \u001b[33mmaxlength\u001b[39m=\u001b[32m\"100\"\u001b[39m\n                  \u001b[33mplaceholder\u001b[39m=\u001b[32m\"Enter task title...\"\u001b[39m\n                  \u001b[33mtype\u001b[39m=\u001b[32m\"text\"\u001b[39m\n                  \u001b[33mvalue\u001b[39m=\u001b[32m\"Valid Title\"\u001b[39m\n                \u001b[36m/>\u001b[39m\n                \u001b[36m<span\u001b[39m\n                  \u001b[33mclass\u001b[39m=\u001b[32m\"text-sm text-red-600\"\u001b[39m\n                \u001b[36m>\u001b[39m\n                  \u001b[0mTitle is required\u001b[0m\n                \u001b[36m</span>\u001b[39m\n              \u001b[36m</div>\u001b[39m\n              \u001b[36m<div\u001b[39m\n                \u001b[33mclass\u001b[39m=\u001b[32m\"space-y-2\"\u001b[39m\n              \u001b[36m>\u001b[39m\n                \u001b[36m<label\u001b[39m\n                  \u001b[33mclass\u001b[39m=\u001b[32m\"block text-sm font-medium text-gray-700\"\u001b[39m\n                  \u001b[33mfor\u001b[39m=\u001b[32m\"task-description\"\u001b[39m\n                \u001b[36m>\u001b[39m\n                  \u001b[0mDescription *\u001b[0m\n                \u001b[36m</label>\u001b[39m\n                \u001b[36m<textarea\u001b[39m\n                  \u001b[33mclass\u001b[39m=\u001b[32m\"block w-full px-3 py-2 border rounded-md shadow-sm text-gray-900 placeholder-gray-500 focus:outline-none focus:ring-2 focus:ring-blue-500 focus:border-blue-500 resize-vertical border-red-300 bg-red-50\"\u001b[39m\n                  \u001b[33mdata-testid\u001b[39m=\u001b[32m\"task-description-input\"\u001b[39m\n                  \u001b[33mid\u001b[39m=\u001b[32m\"task-description\"\u001b[39m\n                  \u001b[33mmaxlength\u001b[39m=\u001b[32m\"500\"\u001b[39m\n                  \u001b[33mplaceholder\u001b[39m=\u001b[32m\"Enter task description...\"\u001b[39m\n                  \u001b[33mrows\u001b[39m=\u001b[32m\"4\"\u001b[39m\n                \u001b[36m/>\u001b[39m\n                \u001b[36m<span\u001b[39m\n                  \u001b[33mclass\u001b[39m=\u001b[32m\"text-sm text-red-600\"\u001b[39m\n                \u001b[36m>\u001b[39m\n                  \u001b[0mDescription is required\u001b[0m\n                \u001b[36m</span>\u001b[39m\n              \u001b[36m</div>\u001b[39m\n              \u001b[36m<div\u001b[39m\n                \u001b[33mclass\u001b[39m=\u001b[32m\"grid grid-cols-1 md:grid-cols-2 gap-4\"\u001b[39m\n              \u001b[36m>\u001b[39m\n                \u001b[36m<div\u001b[39m\n                  \u001b[33mclass\u001b[39m=\u001b[32m\"space-y-2\"\u001b[39m\n                \u001b[36m>\u001b[39m\n                  \u001b[36m<label\u001b[39m\n                    \u001b[33mclass\u001b[39m=\u001b[32m\"block text-sm font-medium text-gray-700\"\u001b[39m\n                    \u001b[33mfor\u001b[39m=\u001b[32m\"task-priority\"\u001b[39m\n                  \u001b[36m>\u001b[39m\n                    \u001b[0mPriority *\u001b[0m\n                  \u001b[36m</label>\u001b[39m\n                  \u001b[36m<select\u001b[39m\n                    \u001b[33mclass\u001b[39m=\u001b[32m\"block w-full px-3 py-2 border rounded-md shadow-sm text-gray-900 focus:outline-none focus:ring-2 focus:ring-blue-500 focus:border-blue-500 border-gray-300 bg-white\"\u001b[39m\n                    \u001b[33mdata-testid\u001b[39m=\u001b[32m\"task-priority-select\"\u001b[39m\n                    \u001b[33mid\u001b[39m=\u001b[32m\"task-priority\"\u001b[39m\n                  \u001b[36m>\u001b[39m\n                    \u001b[36m<option\u001b[39m\n                      \u001b[33mvalue\u001b[39m=\u001b[32m\"low\"\u001b[39m\n                    \u001b[36m>\u001b[39m\n                      \u001b[0mLow\u001b[0m\n                    \u001b[36m</option>\u001b[39m\n                    \u001b[36m<option\u001b[39m\n                      \u001b[33mvalue\u001b[39m=\u001b[32m\"medium\"\u001b[39m\n                    \u001b[36m>\u001b[39m\n                      \u001b[0mMedium\u001b[0m\n                    \u001b[36m</option>\u001b[39m\n                    \u001b[36m<option\u001b[39m\n                      \u001b[33mvalue\u001b[39m=\u001b[32m\"high\"\u001b[39m\n                    \u001b[36m>\u001b[39m\n                      \u001b[0mHigh\u001b[0m\n                    \u001b[36m</option>\u001b[39m\n                    \u001b[36m<option\u001b[39m\n                      \u001b[33mvalue\u001b[39m=\u001b[32m\"urgent\"\u001b[39m\n                    \u001b[36m>\u001b[39m\n                      \u001b[0mUrgent\u001b[0m\n                    \u001b[36m</option>\u001b[39m\n                  \u001b[36m</select>\u001b[39m\n                  \u001b[36m<div\u001b[39m\n                    \u001b[33mclass\u001b[39m=\u001b[32m\"flex items-center gap-2 mt-2\"\u001b[39m\n                  \u001b[36m>\u001b[39m\n                    \u001b[36m<span\u001b[39m\n                      \u001b[33mclass\u001b[39m=\u001b[32m\"w-3 h-3 rounded-full\"\u001b[39m\n                      \u001b[33mstyle\u001b[39m=\u001b[32m\"background-color: rgb(245, 158, 11);\"\u001b[39m\n                    \u001b[36m/>\u001b[39m\n                    \u001b[36m<span\u001b[39m\n                      \u001b[33mclass\u001b[39m=\u001b[32m\"text-sm text-gray-600\"\u001b[39m\n                    \u001b[36m>\u001b[39m\n                      \u001b[0mMedium\u001b[0m\n                    \u001b[36m</span>\u001b[39m\n                  \u001b[36m</div>\u001b[39m\n                \u001b[36m</div>\u001b[39m\n                \u001b[36m<div\u001b[39m\n                  \u001b[33mclass\u001b[39m=\u001b[32m\"space-y-2\"\u001b[39m\n                \u001b[36m>\u001b[39m\n                  \u001b[36m<label\u001b[39m\n                    \u001b[33mclass\u001b[39m=\u001b[32m\"block text-sm font-medium text-gray-700\"\u001b[39m\n                    \u001b[33mfor\u001b[39m=\u001b[32m\"...\n    at Proxy.expectWrapper (file:///Users/gonzalo/workspace/taskmaster-ui/node_modules/.pnpm/@vitest+expect@3.2.4/node_modules/@vitest/expect/dist/index.js:1745:12)\n    at Proxy.<anonymous> (file:///Users/gonzalo/workspace/taskmaster-ui/node_modules/.pnpm/@vitest+expect@3.2.4/node_modules/@vitest/expect/dist/index.js:1029:14)\n    at Proxy.methodWrapper (file:///Users/gonzalo/workspace/taskmaster-ui/node_modules/.pnpm/chai@5.2.1/node_modules/chai/chai.js:1706:25)\n    at /Users/gonzalo/workspace/taskmaster-ui/packages/frontend/src/components/TaskBoard/TaskModal/__tests__/validation.test.tsx:216:61\n    at runWithExpensiveErrorDiagnosticsDisabled (/Users/gonzalo/workspace/taskmaster-ui/node_modules/.pnpm/@testing-library+dom@10.4.0/node_modules/@testing-library/dom/dist/config.js:47:12)\n    at checkCallback (/Users/gonzalo/workspace/taskmaster-ui/node_modules/.pnpm/@testing-library+dom@10.4.0/node_modules/@testing-library/dom/dist/wait-for.js:124:77)\n    at Timeout.checkRealTimersCallback (/Users/gonzalo/workspace/taskmaster-ui/node_modules/.pnpm/@testing-library+dom@10.4.0/node_modules/@testing-library/dom/dist/wait-for.js:118:16)\n    at listOnTimeout (node:internal/timers:608:17)\n    at processTimers (node:internal/timers:543:7)"],"meta":{}},{"ancestorTitles":["Task Creation Validation","Form state management"],"fullName":"Task Creation Validation Form state management should disable form during submission","status":"passed","title":"should disable form during submission","duration":233.62291600000026,"failureMessages":[],"meta":{}},{"ancestorTitles":["Task Creation Validation","Form state management"],"fullName":"Task Creation Validation Form state management should reset form when modal is closed and reopened","status":"passed","title":"should reset form when modal is closed and reopened","duration":44.78816699999879,"failureMessages":[],"meta":{}}],"startTime":1753640176610,"endTime":1753640179125.788,"status":"failed","message":"","name":"/Users/gonzalo/workspace/taskmaster-ui/packages/frontend/src/components/TaskBoard/TaskModal/__tests__/validation.test.tsx"}]}
